[2023-03-23T07:27:54.738+0000] {taskinstance.py:1165} INFO - Dependencies all met for <TaskInstance: hello_world.hello_task scheduled__2022-12-14T12:00:00+00:00 [queued]>
[2023-03-23T07:27:54.755+0000] {taskinstance.py:1165} INFO - Dependencies all met for <TaskInstance: hello_world.hello_task scheduled__2022-12-14T12:00:00+00:00 [queued]>
[2023-03-23T07:27:54.756+0000] {taskinstance.py:1362} INFO - 
--------------------------------------------------------------------------------
[2023-03-23T07:27:54.757+0000] {taskinstance.py:1363} INFO - Starting attempt 1 of 1
[2023-03-23T07:27:54.758+0000] {taskinstance.py:1364} INFO - 
--------------------------------------------------------------------------------
[2023-03-23T07:27:54.781+0000] {taskinstance.py:1383} INFO - Executing <Task(PythonOperator): hello_task> on 2022-12-14 12:00:00+00:00
[2023-03-23T07:27:54.789+0000] {standard_task_runner.py:55} INFO - Started process 65 to run task
[2023-03-23T07:27:54.795+0000] {standard_task_runner.py:82} INFO - Running: ['***', 'tasks', 'run', 'hello_world', 'hello_task', 'scheduled__2022-12-14T12:00:00+00:00', '--job-id', '23', '--raw', '--subdir', 'DAGS_FOLDER/hello_world.py', '--cfg-path', '/tmp/tmpfaacrfyl']
[2023-03-23T07:27:54.796+0000] {standard_task_runner.py:83} INFO - Job 23: Subtask hello_task
[2023-03-23T07:27:54.905+0000] {task_command.py:376} INFO - Running <TaskInstance: hello_world.hello_task scheduled__2022-12-14T12:00:00+00:00 [running]> on host cdcacf7e7587
[2023-03-23T07:27:54.997+0000] {taskinstance.py:1592} INFO - Exporting the following env vars:
AIRFLOW_CTX_DAG_OWNER=***
AIRFLOW_CTX_DAG_ID=hello_world
AIRFLOW_CTX_TASK_ID=hello_task
AIRFLOW_CTX_EXECUTION_DATE=2022-12-14T12:00:00+00:00
AIRFLOW_CTX_TRY_NUMBER=1
AIRFLOW_CTX_DAG_RUN_ID=scheduled__2022-12-14T12:00:00+00:00
[2023-03-23T07:27:54.999+0000] {python.py:177} INFO - Done. Returned value was: Hello world!
[2023-03-23T07:27:55.034+0000] {taskinstance.py:1406} INFO - Marking task as SUCCESS. dag_id=hello_world, task_id=hello_task, execution_date=20221214T120000, start_date=20230323T072754, end_date=20230323T072755
[2023-03-23T07:27:55.088+0000] {local_task_job.py:159} INFO - Task exited with return code 0
[2023-03-23T07:27:55.113+0000] {taskinstance.py:2623} INFO - 0 downstream tasks scheduled from follow-on schedule check
