[2022-12-01T10:08:11.264+0000] {processor.py:154} INFO - Started process (PID=6015) to work on /opt/airflow/dags/hello_world.py
[2022-12-01T10:08:11.266+0000] {processor.py:756} INFO - Processing file /opt/airflow/dags/hello_world.py for tasks to queue
[2022-12-01T10:08:11.268+0000] {logging_mixin.py:137} INFO - [2022-12-01T10:08:11.267+0000] {dagbag.py:537} INFO - Filling up the DagBag from /opt/airflow/dags/hello_world.py
[2022-12-01T10:08:11.298+0000] {processor.py:766} INFO - DAG(s) dict_keys(['hello_world']) retrieved from /opt/airflow/dags/hello_world.py
[2022-12-01T10:08:11.586+0000] {logging_mixin.py:137} INFO - [2022-12-01T10:08:11.586+0000] {manager.py:507} INFO - Created Permission View: can edit on DAG:hello_world
[2022-12-01T10:08:11.603+0000] {logging_mixin.py:137} INFO - [2022-12-01T10:08:11.603+0000] {manager.py:507} INFO - Created Permission View: can delete on DAG:hello_world
[2022-12-01T10:08:11.621+0000] {logging_mixin.py:137} INFO - [2022-12-01T10:08:11.621+0000] {manager.py:507} INFO - Created Permission View: can read on DAG:hello_world
[2022-12-01T10:08:11.622+0000] {logging_mixin.py:137} INFO - [2022-12-01T10:08:11.622+0000] {dag.py:2585} INFO - Sync 1 DAGs
[2022-12-01T10:08:11.657+0000] {logging_mixin.py:137} INFO - [2022-12-01T10:08:11.656+0000] {dag.py:2606} INFO - Creating ORM DAG for hello_world
[2022-12-01T10:08:11.675+0000] {logging_mixin.py:137} INFO - [2022-12-01T10:08:11.675+0000] {dag.py:3340} INFO - Setting next_dagrun for hello_world to 2022-12-01T12:00:00+00:00, run_after=2022-12-02T12:00:00+00:00
[2022-12-01T10:08:11.707+0000] {processor.py:176} INFO - Processing /opt/airflow/dags/hello_world.py took 0.448 seconds
[2022-12-01T10:08:42.433+0000] {processor.py:154} INFO - Started process (PID=6082) to work on /opt/airflow/dags/hello_world.py
[2022-12-01T10:08:42.434+0000] {processor.py:756} INFO - Processing file /opt/airflow/dags/hello_world.py for tasks to queue
[2022-12-01T10:08:42.436+0000] {logging_mixin.py:137} INFO - [2022-12-01T10:08:42.436+0000] {dagbag.py:537} INFO - Filling up the DagBag from /opt/airflow/dags/hello_world.py
[2022-12-01T10:08:42.464+0000] {processor.py:766} INFO - DAG(s) dict_keys(['hello_world']) retrieved from /opt/airflow/dags/hello_world.py
[2022-12-01T10:08:42.532+0000] {logging_mixin.py:137} INFO - [2022-12-01T10:08:42.532+0000] {dag.py:2585} INFO - Sync 1 DAGs
[2022-12-01T10:08:42.564+0000] {logging_mixin.py:137} INFO - [2022-12-01T10:08:42.564+0000] {dag.py:3340} INFO - Setting next_dagrun for hello_world to 2022-12-01T12:00:00+00:00, run_after=2022-12-02T12:00:00+00:00
[2022-12-01T10:08:42.620+0000] {processor.py:176} INFO - Processing /opt/airflow/dags/hello_world.py took 0.192 seconds
[2022-12-01T10:09:13.268+0000] {processor.py:154} INFO - Started process (PID=6147) to work on /opt/airflow/dags/hello_world.py
[2022-12-01T10:09:13.271+0000] {processor.py:756} INFO - Processing file /opt/airflow/dags/hello_world.py for tasks to queue
[2022-12-01T10:09:13.272+0000] {logging_mixin.py:137} INFO - [2022-12-01T10:09:13.272+0000] {dagbag.py:537} INFO - Filling up the DagBag from /opt/airflow/dags/hello_world.py
[2022-12-01T10:09:13.299+0000] {processor.py:766} INFO - DAG(s) dict_keys(['hello_world']) retrieved from /opt/airflow/dags/hello_world.py
[2022-12-01T10:09:13.355+0000] {logging_mixin.py:137} INFO - [2022-12-01T10:09:13.355+0000] {dag.py:2585} INFO - Sync 1 DAGs
[2022-12-01T10:09:13.391+0000] {logging_mixin.py:137} INFO - [2022-12-01T10:09:13.391+0000] {dag.py:3340} INFO - Setting next_dagrun for hello_world to 2022-12-01T12:00:00+00:00, run_after=2022-12-02T12:00:00+00:00
[2022-12-01T10:09:13.414+0000] {processor.py:176} INFO - Processing /opt/airflow/dags/hello_world.py took 0.151 seconds
[2022-12-01T10:09:44.211+0000] {processor.py:154} INFO - Started process (PID=6207) to work on /opt/airflow/dags/hello_world.py
[2022-12-01T10:09:44.214+0000] {processor.py:756} INFO - Processing file /opt/airflow/dags/hello_world.py for tasks to queue
[2022-12-01T10:09:44.216+0000] {logging_mixin.py:137} INFO - [2022-12-01T10:09:44.216+0000] {dagbag.py:537} INFO - Filling up the DagBag from /opt/airflow/dags/hello_world.py
[2022-12-01T10:09:44.246+0000] {processor.py:766} INFO - DAG(s) dict_keys(['hello_world']) retrieved from /opt/airflow/dags/hello_world.py
[2022-12-01T10:09:44.296+0000] {logging_mixin.py:137} INFO - [2022-12-01T10:09:44.295+0000] {dag.py:2585} INFO - Sync 1 DAGs
[2022-12-01T10:09:44.343+0000] {logging_mixin.py:137} INFO - [2022-12-01T10:09:44.343+0000] {dag.py:3340} INFO - Setting next_dagrun for hello_world to 2022-12-01T12:00:00+00:00, run_after=2022-12-02T12:00:00+00:00
[2022-12-01T10:09:44.370+0000] {processor.py:176} INFO - Processing /opt/airflow/dags/hello_world.py took 0.166 seconds
[2022-12-01T10:10:14.735+0000] {processor.py:154} INFO - Started process (PID=6274) to work on /opt/airflow/dags/hello_world.py
[2022-12-01T10:10:14.738+0000] {processor.py:756} INFO - Processing file /opt/airflow/dags/hello_world.py for tasks to queue
[2022-12-01T10:10:14.739+0000] {logging_mixin.py:137} INFO - [2022-12-01T10:10:14.739+0000] {dagbag.py:537} INFO - Filling up the DagBag from /opt/airflow/dags/hello_world.py
[2022-12-01T10:10:14.766+0000] {processor.py:766} INFO - DAG(s) dict_keys(['hello_world']) retrieved from /opt/airflow/dags/hello_world.py
[2022-12-01T10:10:14.826+0000] {logging_mixin.py:137} INFO - [2022-12-01T10:10:14.825+0000] {dag.py:2585} INFO - Sync 1 DAGs
[2022-12-01T10:10:14.869+0000] {logging_mixin.py:137} INFO - [2022-12-01T10:10:14.869+0000] {dag.py:3340} INFO - Setting next_dagrun for hello_world to 2022-12-01T12:00:00+00:00, run_after=2022-12-02T12:00:00+00:00
[2022-12-01T10:10:14.902+0000] {processor.py:176} INFO - Processing /opt/airflow/dags/hello_world.py took 0.173 seconds
[2022-12-01T10:10:45.534+0000] {processor.py:154} INFO - Started process (PID=6341) to work on /opt/airflow/dags/hello_world.py
[2022-12-01T10:10:45.536+0000] {processor.py:756} INFO - Processing file /opt/airflow/dags/hello_world.py for tasks to queue
[2022-12-01T10:10:45.538+0000] {logging_mixin.py:137} INFO - [2022-12-01T10:10:45.538+0000] {dagbag.py:537} INFO - Filling up the DagBag from /opt/airflow/dags/hello_world.py
[2022-12-01T10:10:45.565+0000] {processor.py:766} INFO - DAG(s) dict_keys(['hello_world']) retrieved from /opt/airflow/dags/hello_world.py
[2022-12-01T10:10:45.632+0000] {logging_mixin.py:137} INFO - [2022-12-01T10:10:45.632+0000] {dag.py:2585} INFO - Sync 1 DAGs
[2022-12-01T10:10:45.686+0000] {logging_mixin.py:137} INFO - [2022-12-01T10:10:45.686+0000] {dag.py:3340} INFO - Setting next_dagrun for hello_world to 2022-12-01T12:00:00+00:00, run_after=2022-12-02T12:00:00+00:00
[2022-12-01T10:10:45.735+0000] {processor.py:176} INFO - Processing /opt/airflow/dags/hello_world.py took 0.206 seconds
[2022-12-01T10:11:15.824+0000] {processor.py:154} INFO - Started process (PID=6399) to work on /opt/airflow/dags/hello_world.py
[2022-12-01T10:11:15.826+0000] {processor.py:756} INFO - Processing file /opt/airflow/dags/hello_world.py for tasks to queue
[2022-12-01T10:11:15.828+0000] {logging_mixin.py:137} INFO - [2022-12-01T10:11:15.827+0000] {dagbag.py:537} INFO - Filling up the DagBag from /opt/airflow/dags/hello_world.py
[2022-12-01T10:11:15.860+0000] {processor.py:766} INFO - DAG(s) dict_keys(['hello_world']) retrieved from /opt/airflow/dags/hello_world.py
[2022-12-01T10:11:15.924+0000] {logging_mixin.py:137} INFO - [2022-12-01T10:11:15.924+0000] {dag.py:2585} INFO - Sync 1 DAGs
[2022-12-01T10:11:15.965+0000] {logging_mixin.py:137} INFO - [2022-12-01T10:11:15.965+0000] {dag.py:3340} INFO - Setting next_dagrun for hello_world to 2022-12-01T12:00:00+00:00, run_after=2022-12-02T12:00:00+00:00
[2022-12-01T10:11:15.994+0000] {processor.py:176} INFO - Processing /opt/airflow/dags/hello_world.py took 0.177 seconds
[2022-12-01T10:11:46.446+0000] {processor.py:154} INFO - Started process (PID=6465) to work on /opt/airflow/dags/hello_world.py
[2022-12-01T10:11:46.449+0000] {processor.py:756} INFO - Processing file /opt/airflow/dags/hello_world.py for tasks to queue
[2022-12-01T10:11:46.450+0000] {logging_mixin.py:137} INFO - [2022-12-01T10:11:46.450+0000] {dagbag.py:537} INFO - Filling up the DagBag from /opt/airflow/dags/hello_world.py
[2022-12-01T10:11:46.495+0000] {processor.py:766} INFO - DAG(s) dict_keys(['hello_world']) retrieved from /opt/airflow/dags/hello_world.py
[2022-12-01T10:11:46.561+0000] {logging_mixin.py:137} INFO - [2022-12-01T10:11:46.561+0000] {dag.py:2585} INFO - Sync 1 DAGs
[2022-12-01T10:11:46.594+0000] {logging_mixin.py:137} INFO - [2022-12-01T10:11:46.594+0000] {dag.py:3340} INFO - Setting next_dagrun for hello_world to 2022-12-01T12:00:00+00:00, run_after=2022-12-02T12:00:00+00:00
[2022-12-01T10:11:46.622+0000] {processor.py:176} INFO - Processing /opt/airflow/dags/hello_world.py took 0.181 seconds
[2022-12-01T10:12:16.790+0000] {processor.py:154} INFO - Started process (PID=6523) to work on /opt/airflow/dags/hello_world.py
[2022-12-01T10:12:16.791+0000] {processor.py:756} INFO - Processing file /opt/airflow/dags/hello_world.py for tasks to queue
[2022-12-01T10:12:16.793+0000] {logging_mixin.py:137} INFO - [2022-12-01T10:12:16.793+0000] {dagbag.py:537} INFO - Filling up the DagBag from /opt/airflow/dags/hello_world.py
[2022-12-01T10:12:16.821+0000] {processor.py:766} INFO - DAG(s) dict_keys(['hello_world']) retrieved from /opt/airflow/dags/hello_world.py
[2022-12-01T10:12:16.870+0000] {logging_mixin.py:137} INFO - [2022-12-01T10:12:16.869+0000] {dag.py:2585} INFO - Sync 1 DAGs
[2022-12-01T10:12:16.904+0000] {logging_mixin.py:137} INFO - [2022-12-01T10:12:16.903+0000] {dag.py:3340} INFO - Setting next_dagrun for hello_world to 2022-12-01T12:00:00+00:00, run_after=2022-12-02T12:00:00+00:00
[2022-12-01T10:12:16.944+0000] {processor.py:176} INFO - Processing /opt/airflow/dags/hello_world.py took 0.161 seconds
[2022-12-01T10:12:47.492+0000] {processor.py:154} INFO - Started process (PID=6590) to work on /opt/airflow/dags/hello_world.py
[2022-12-01T10:12:47.495+0000] {processor.py:756} INFO - Processing file /opt/airflow/dags/hello_world.py for tasks to queue
[2022-12-01T10:12:47.498+0000] {logging_mixin.py:137} INFO - [2022-12-01T10:12:47.497+0000] {dagbag.py:537} INFO - Filling up the DagBag from /opt/airflow/dags/hello_world.py
[2022-12-01T10:12:47.540+0000] {processor.py:766} INFO - DAG(s) dict_keys(['hello_world']) retrieved from /opt/airflow/dags/hello_world.py
[2022-12-01T10:12:47.606+0000] {logging_mixin.py:137} INFO - [2022-12-01T10:12:47.606+0000] {dag.py:2585} INFO - Sync 1 DAGs
[2022-12-01T10:12:47.639+0000] {logging_mixin.py:137} INFO - [2022-12-01T10:12:47.639+0000] {dag.py:3340} INFO - Setting next_dagrun for hello_world to 2022-12-01T12:00:00+00:00, run_after=2022-12-02T12:00:00+00:00
[2022-12-01T10:12:47.660+0000] {processor.py:176} INFO - Processing /opt/airflow/dags/hello_world.py took 0.178 seconds
[2022-12-01T10:13:18.550+0000] {processor.py:154} INFO - Started process (PID=6657) to work on /opt/airflow/dags/hello_world.py
[2022-12-01T10:13:18.552+0000] {processor.py:756} INFO - Processing file /opt/airflow/dags/hello_world.py for tasks to queue
[2022-12-01T10:13:18.554+0000] {logging_mixin.py:137} INFO - [2022-12-01T10:13:18.554+0000] {dagbag.py:537} INFO - Filling up the DagBag from /opt/airflow/dags/hello_world.py
[2022-12-01T10:13:18.585+0000] {processor.py:766} INFO - DAG(s) dict_keys(['hello_world']) retrieved from /opt/airflow/dags/hello_world.py
[2022-12-01T10:13:18.644+0000] {logging_mixin.py:137} INFO - [2022-12-01T10:13:18.644+0000] {dag.py:2585} INFO - Sync 1 DAGs
[2022-12-01T10:13:18.682+0000] {logging_mixin.py:137} INFO - [2022-12-01T10:13:18.682+0000] {dag.py:3340} INFO - Setting next_dagrun for hello_world to 2022-12-01T12:00:00+00:00, run_after=2022-12-02T12:00:00+00:00
[2022-12-01T10:13:18.707+0000] {processor.py:176} INFO - Processing /opt/airflow/dags/hello_world.py took 0.163 seconds
[2022-12-01T10:13:49.115+0000] {processor.py:154} INFO - Started process (PID=6724) to work on /opt/airflow/dags/hello_world.py
[2022-12-01T10:13:49.117+0000] {processor.py:756} INFO - Processing file /opt/airflow/dags/hello_world.py for tasks to queue
[2022-12-01T10:13:49.119+0000] {logging_mixin.py:137} INFO - [2022-12-01T10:13:49.118+0000] {dagbag.py:537} INFO - Filling up the DagBag from /opt/airflow/dags/hello_world.py
[2022-12-01T10:13:49.146+0000] {processor.py:766} INFO - DAG(s) dict_keys(['hello_world']) retrieved from /opt/airflow/dags/hello_world.py
[2022-12-01T10:13:49.192+0000] {logging_mixin.py:137} INFO - [2022-12-01T10:13:49.191+0000] {dag.py:2585} INFO - Sync 1 DAGs
[2022-12-01T10:13:49.222+0000] {logging_mixin.py:137} INFO - [2022-12-01T10:13:49.222+0000] {dag.py:3340} INFO - Setting next_dagrun for hello_world to 2022-12-01T12:00:00+00:00, run_after=2022-12-02T12:00:00+00:00
[2022-12-01T10:13:49.243+0000] {processor.py:176} INFO - Processing /opt/airflow/dags/hello_world.py took 0.132 seconds
[2022-12-01T10:14:19.436+0000] {processor.py:154} INFO - Started process (PID=6782) to work on /opt/airflow/dags/hello_world.py
[2022-12-01T10:14:19.439+0000] {processor.py:756} INFO - Processing file /opt/airflow/dags/hello_world.py for tasks to queue
[2022-12-01T10:14:19.440+0000] {logging_mixin.py:137} INFO - [2022-12-01T10:14:19.440+0000] {dagbag.py:537} INFO - Filling up the DagBag from /opt/airflow/dags/hello_world.py
[2022-12-01T10:14:19.461+0000] {processor.py:766} INFO - DAG(s) dict_keys(['hello_world']) retrieved from /opt/airflow/dags/hello_world.py
[2022-12-01T10:14:19.501+0000] {logging_mixin.py:137} INFO - [2022-12-01T10:14:19.501+0000] {dag.py:2585} INFO - Sync 1 DAGs
[2022-12-01T10:14:19.529+0000] {logging_mixin.py:137} INFO - [2022-12-01T10:14:19.529+0000] {dag.py:3340} INFO - Setting next_dagrun for hello_world to 2022-12-01T12:00:00+00:00, run_after=2022-12-02T12:00:00+00:00
[2022-12-01T10:14:19.548+0000] {processor.py:176} INFO - Processing /opt/airflow/dags/hello_world.py took 0.118 seconds
[2022-12-01T10:14:49.682+0000] {processor.py:154} INFO - Started process (PID=6849) to work on /opt/airflow/dags/hello_world.py
[2022-12-01T10:14:49.684+0000] {processor.py:756} INFO - Processing file /opt/airflow/dags/hello_world.py for tasks to queue
[2022-12-01T10:14:49.686+0000] {logging_mixin.py:137} INFO - [2022-12-01T10:14:49.685+0000] {dagbag.py:537} INFO - Filling up the DagBag from /opt/airflow/dags/hello_world.py
[2022-12-01T10:14:49.712+0000] {processor.py:766} INFO - DAG(s) dict_keys(['hello_world']) retrieved from /opt/airflow/dags/hello_world.py
[2022-12-01T10:14:49.781+0000] {logging_mixin.py:137} INFO - [2022-12-01T10:14:49.780+0000] {dag.py:2585} INFO - Sync 1 DAGs
[2022-12-01T10:14:49.817+0000] {logging_mixin.py:137} INFO - [2022-12-01T10:14:49.817+0000] {dag.py:3340} INFO - Setting next_dagrun for hello_world to 2022-12-01T12:00:00+00:00, run_after=2022-12-02T12:00:00+00:00
[2022-12-01T10:14:49.850+0000] {processor.py:176} INFO - Processing /opt/airflow/dags/hello_world.py took 0.174 seconds
[2022-12-01T10:15:21.659+0000] {processor.py:154} INFO - Started process (PID=6907) to work on /opt/airflow/dags/hello_world.py
[2022-12-01T10:15:21.670+0000] {processor.py:756} INFO - Processing file /opt/airflow/dags/hello_world.py for tasks to queue
[2022-12-01T10:15:21.676+0000] {logging_mixin.py:137} INFO - [2022-12-01T10:15:21.675+0000] {dagbag.py:537} INFO - Filling up the DagBag from /opt/airflow/dags/hello_world.py
[2022-12-01T10:15:21.831+0000] {processor.py:766} INFO - DAG(s) dict_keys(['hello_world']) retrieved from /opt/airflow/dags/hello_world.py
[2022-12-01T10:15:22.092+0000] {logging_mixin.py:137} INFO - [2022-12-01T10:15:22.091+0000] {dag.py:2585} INFO - Sync 1 DAGs
[2022-12-01T10:15:22.232+0000] {logging_mixin.py:137} INFO - [2022-12-01T10:15:22.232+0000] {dag.py:3340} INFO - Setting next_dagrun for hello_world to 2022-12-01T12:00:00+00:00, run_after=2022-12-02T12:00:00+00:00
[2022-12-01T10:15:22.350+0000] {processor.py:176} INFO - Processing /opt/airflow/dags/hello_world.py took 0.711 seconds
[2022-12-01T10:15:52.654+0000] {processor.py:154} INFO - Started process (PID=6966) to work on /opt/airflow/dags/hello_world.py
[2022-12-01T10:15:52.662+0000] {processor.py:756} INFO - Processing file /opt/airflow/dags/hello_world.py for tasks to queue
[2022-12-01T10:15:52.665+0000] {logging_mixin.py:137} INFO - [2022-12-01T10:15:52.665+0000] {dagbag.py:537} INFO - Filling up the DagBag from /opt/airflow/dags/hello_world.py
[2022-12-01T10:15:52.776+0000] {processor.py:766} INFO - DAG(s) dict_keys(['hello_world']) retrieved from /opt/airflow/dags/hello_world.py
[2022-12-01T10:15:52.992+0000] {logging_mixin.py:137} INFO - [2022-12-01T10:15:52.989+0000] {dag.py:2585} INFO - Sync 1 DAGs
[2022-12-01T10:15:53.159+0000] {logging_mixin.py:137} INFO - [2022-12-01T10:15:53.158+0000] {dag.py:3340} INFO - Setting next_dagrun for hello_world to 2022-12-01T12:00:00+00:00, run_after=2022-12-02T12:00:00+00:00
[2022-12-01T10:15:53.247+0000] {processor.py:176} INFO - Processing /opt/airflow/dags/hello_world.py took 0.617 seconds
[2022-12-01T10:16:23.514+0000] {processor.py:154} INFO - Started process (PID=7025) to work on /opt/airflow/dags/hello_world.py
[2022-12-01T10:16:23.517+0000] {processor.py:756} INFO - Processing file /opt/airflow/dags/hello_world.py for tasks to queue
[2022-12-01T10:16:23.519+0000] {logging_mixin.py:137} INFO - [2022-12-01T10:16:23.519+0000] {dagbag.py:537} INFO - Filling up the DagBag from /opt/airflow/dags/hello_world.py
[2022-12-01T10:16:23.551+0000] {processor.py:766} INFO - DAG(s) dict_keys(['hello_world']) retrieved from /opt/airflow/dags/hello_world.py
[2022-12-01T10:16:23.603+0000] {logging_mixin.py:137} INFO - [2022-12-01T10:16:23.603+0000] {dag.py:2585} INFO - Sync 1 DAGs
[2022-12-01T10:16:23.637+0000] {logging_mixin.py:137} INFO - [2022-12-01T10:16:23.637+0000] {dag.py:3340} INFO - Setting next_dagrun for hello_world to 2022-12-01T12:00:00+00:00, run_after=2022-12-02T12:00:00+00:00
[2022-12-01T10:16:23.659+0000] {processor.py:176} INFO - Processing /opt/airflow/dags/hello_world.py took 0.150 seconds
[2022-12-01T10:16:54.463+0000] {processor.py:154} INFO - Started process (PID=7090) to work on /opt/airflow/dags/hello_world.py
[2022-12-01T10:16:54.465+0000] {processor.py:756} INFO - Processing file /opt/airflow/dags/hello_world.py for tasks to queue
[2022-12-01T10:16:54.467+0000] {logging_mixin.py:137} INFO - [2022-12-01T10:16:54.467+0000] {dagbag.py:537} INFO - Filling up the DagBag from /opt/airflow/dags/hello_world.py
[2022-12-01T10:16:54.496+0000] {processor.py:766} INFO - DAG(s) dict_keys(['hello_world']) retrieved from /opt/airflow/dags/hello_world.py
[2022-12-01T10:16:54.559+0000] {logging_mixin.py:137} INFO - [2022-12-01T10:16:54.559+0000] {dag.py:2585} INFO - Sync 1 DAGs
[2022-12-01T10:16:54.598+0000] {logging_mixin.py:137} INFO - [2022-12-01T10:16:54.598+0000] {dag.py:3340} INFO - Setting next_dagrun for hello_world to 2022-12-01T12:00:00+00:00, run_after=2022-12-02T12:00:00+00:00
[2022-12-01T10:16:54.626+0000] {processor.py:176} INFO - Processing /opt/airflow/dags/hello_world.py took 0.169 seconds
[2022-12-01T10:17:25.639+0000] {processor.py:154} INFO - Started process (PID=7148) to work on /opt/airflow/dags/hello_world.py
[2022-12-01T10:17:25.641+0000] {processor.py:756} INFO - Processing file /opt/airflow/dags/hello_world.py for tasks to queue
[2022-12-01T10:17:25.642+0000] {logging_mixin.py:137} INFO - [2022-12-01T10:17:25.642+0000] {dagbag.py:537} INFO - Filling up the DagBag from /opt/airflow/dags/hello_world.py
[2022-12-01T10:17:25.665+0000] {processor.py:766} INFO - DAG(s) dict_keys(['hello_world']) retrieved from /opt/airflow/dags/hello_world.py
[2022-12-01T10:17:25.710+0000] {logging_mixin.py:137} INFO - [2022-12-01T10:17:25.710+0000] {dag.py:2585} INFO - Sync 1 DAGs
[2022-12-01T10:17:25.740+0000] {logging_mixin.py:137} INFO - [2022-12-01T10:17:25.739+0000] {dag.py:3340} INFO - Setting next_dagrun for hello_world to 2022-12-01T12:00:00+00:00, run_after=2022-12-02T12:00:00+00:00
[2022-12-01T10:17:25.760+0000] {processor.py:176} INFO - Processing /opt/airflow/dags/hello_world.py took 0.125 seconds
[2022-12-01T10:17:55.850+0000] {processor.py:154} INFO - Started process (PID=7215) to work on /opt/airflow/dags/hello_world.py
[2022-12-01T10:17:55.854+0000] {processor.py:756} INFO - Processing file /opt/airflow/dags/hello_world.py for tasks to queue
[2022-12-01T10:17:55.857+0000] {logging_mixin.py:137} INFO - [2022-12-01T10:17:55.856+0000] {dagbag.py:537} INFO - Filling up the DagBag from /opt/airflow/dags/hello_world.py
[2022-12-01T10:17:55.891+0000] {processor.py:766} INFO - DAG(s) dict_keys(['hello_world']) retrieved from /opt/airflow/dags/hello_world.py
[2022-12-01T10:17:55.973+0000] {logging_mixin.py:137} INFO - [2022-12-01T10:17:55.973+0000] {dag.py:2585} INFO - Sync 1 DAGs
[2022-12-01T10:17:56.010+0000] {logging_mixin.py:137} INFO - [2022-12-01T10:17:56.010+0000] {dag.py:3340} INFO - Setting next_dagrun for hello_world to 2022-12-01T12:00:00+00:00, run_after=2022-12-02T12:00:00+00:00
[2022-12-01T10:17:56.042+0000] {processor.py:176} INFO - Processing /opt/airflow/dags/hello_world.py took 0.200 seconds
[2022-12-01T10:18:26.359+0000] {processor.py:154} INFO - Started process (PID=7282) to work on /opt/airflow/dags/hello_world.py
[2022-12-01T10:18:26.361+0000] {processor.py:756} INFO - Processing file /opt/airflow/dags/hello_world.py for tasks to queue
[2022-12-01T10:18:26.363+0000] {logging_mixin.py:137} INFO - [2022-12-01T10:18:26.362+0000] {dagbag.py:537} INFO - Filling up the DagBag from /opt/airflow/dags/hello_world.py
[2022-12-01T10:18:26.393+0000] {processor.py:766} INFO - DAG(s) dict_keys(['hello_world']) retrieved from /opt/airflow/dags/hello_world.py
[2022-12-01T10:18:26.457+0000] {logging_mixin.py:137} INFO - [2022-12-01T10:18:26.457+0000] {dag.py:2585} INFO - Sync 1 DAGs
[2022-12-01T10:18:26.504+0000] {logging_mixin.py:137} INFO - [2022-12-01T10:18:26.504+0000] {dag.py:3340} INFO - Setting next_dagrun for hello_world to 2022-12-01T12:00:00+00:00, run_after=2022-12-02T12:00:00+00:00
[2022-12-01T10:18:26.524+0000] {processor.py:176} INFO - Processing /opt/airflow/dags/hello_world.py took 0.173 seconds
[2022-12-01T10:18:57.233+0000] {processor.py:154} INFO - Started process (PID=7340) to work on /opt/airflow/dags/hello_world.py
[2022-12-01T10:18:57.258+0000] {processor.py:756} INFO - Processing file /opt/airflow/dags/hello_world.py for tasks to queue
[2022-12-01T10:18:57.280+0000] {logging_mixin.py:137} INFO - [2022-12-01T10:18:57.279+0000] {dagbag.py:537} INFO - Filling up the DagBag from /opt/airflow/dags/hello_world.py
[2022-12-01T10:18:57.476+0000] {processor.py:766} INFO - DAG(s) dict_keys(['hello_world']) retrieved from /opt/airflow/dags/hello_world.py
[2022-12-01T10:18:57.861+0000] {logging_mixin.py:137} INFO - [2022-12-01T10:18:57.860+0000] {dag.py:2585} INFO - Sync 1 DAGs
[2022-12-01T10:18:58.088+0000] {logging_mixin.py:137} INFO - [2022-12-01T10:18:58.087+0000] {dag.py:3340} INFO - Setting next_dagrun for hello_world to 2022-12-01T12:00:00+00:00, run_after=2022-12-02T12:00:00+00:00
[2022-12-01T10:18:58.222+0000] {processor.py:176} INFO - Processing /opt/airflow/dags/hello_world.py took 1.013 seconds
[2022-12-01T10:19:28.464+0000] {processor.py:154} INFO - Started process (PID=7399) to work on /opt/airflow/dags/hello_world.py
[2022-12-01T10:19:28.467+0000] {processor.py:756} INFO - Processing file /opt/airflow/dags/hello_world.py for tasks to queue
[2022-12-01T10:19:28.468+0000] {logging_mixin.py:137} INFO - [2022-12-01T10:19:28.468+0000] {dagbag.py:537} INFO - Filling up the DagBag from /opt/airflow/dags/hello_world.py
[2022-12-01T10:19:28.494+0000] {processor.py:766} INFO - DAG(s) dict_keys(['hello_world']) retrieved from /opt/airflow/dags/hello_world.py
[2022-12-01T10:19:28.553+0000] {logging_mixin.py:137} INFO - [2022-12-01T10:19:28.553+0000] {dag.py:2585} INFO - Sync 1 DAGs
[2022-12-01T10:19:28.589+0000] {logging_mixin.py:137} INFO - [2022-12-01T10:19:28.589+0000] {dag.py:3340} INFO - Setting next_dagrun for hello_world to 2022-12-01T12:00:00+00:00, run_after=2022-12-02T12:00:00+00:00
[2022-12-01T10:19:28.612+0000] {processor.py:176} INFO - Processing /opt/airflow/dags/hello_world.py took 0.153 seconds
[2022-12-01T10:19:59.020+0000] {processor.py:154} INFO - Started process (PID=7466) to work on /opt/airflow/dags/hello_world.py
[2022-12-01T10:19:59.022+0000] {processor.py:756} INFO - Processing file /opt/airflow/dags/hello_world.py for tasks to queue
[2022-12-01T10:19:59.024+0000] {logging_mixin.py:137} INFO - [2022-12-01T10:19:59.024+0000] {dagbag.py:537} INFO - Filling up the DagBag from /opt/airflow/dags/hello_world.py
[2022-12-01T10:19:59.049+0000] {processor.py:766} INFO - DAG(s) dict_keys(['hello_world']) retrieved from /opt/airflow/dags/hello_world.py
[2022-12-01T10:19:59.098+0000] {logging_mixin.py:137} INFO - [2022-12-01T10:19:59.098+0000] {dag.py:2585} INFO - Sync 1 DAGs
[2022-12-01T10:19:59.141+0000] {logging_mixin.py:137} INFO - [2022-12-01T10:19:59.141+0000] {dag.py:3340} INFO - Setting next_dagrun for hello_world to 2022-12-01T12:00:00+00:00, run_after=2022-12-02T12:00:00+00:00
[2022-12-01T10:19:59.179+0000] {processor.py:176} INFO - Processing /opt/airflow/dags/hello_world.py took 0.164 seconds
[2022-12-01T10:20:29.354+0000] {processor.py:154} INFO - Started process (PID=7524) to work on /opt/airflow/dags/hello_world.py
[2022-12-01T10:20:29.356+0000] {processor.py:756} INFO - Processing file /opt/airflow/dags/hello_world.py for tasks to queue
[2022-12-01T10:20:29.358+0000] {logging_mixin.py:137} INFO - [2022-12-01T10:20:29.358+0000] {dagbag.py:537} INFO - Filling up the DagBag from /opt/airflow/dags/hello_world.py
[2022-12-01T10:20:29.394+0000] {processor.py:766} INFO - DAG(s) dict_keys(['hello_world']) retrieved from /opt/airflow/dags/hello_world.py
[2022-12-01T10:20:29.443+0000] {logging_mixin.py:137} INFO - [2022-12-01T10:20:29.443+0000] {dag.py:2585} INFO - Sync 1 DAGs
[2022-12-01T10:20:29.483+0000] {logging_mixin.py:137} INFO - [2022-12-01T10:20:29.483+0000] {dag.py:3340} INFO - Setting next_dagrun for hello_world to 2022-12-01T12:00:00+00:00, run_after=2022-12-02T12:00:00+00:00
[2022-12-01T10:20:29.516+0000] {processor.py:176} INFO - Processing /opt/airflow/dags/hello_world.py took 0.167 seconds
[2022-12-01T10:21:00.087+0000] {processor.py:154} INFO - Started process (PID=7591) to work on /opt/airflow/dags/hello_world.py
[2022-12-01T10:21:00.089+0000] {processor.py:756} INFO - Processing file /opt/airflow/dags/hello_world.py for tasks to queue
[2022-12-01T10:21:00.091+0000] {logging_mixin.py:137} INFO - [2022-12-01T10:21:00.090+0000] {dagbag.py:537} INFO - Filling up the DagBag from /opt/airflow/dags/hello_world.py
[2022-12-01T10:21:00.116+0000] {processor.py:766} INFO - DAG(s) dict_keys(['hello_world']) retrieved from /opt/airflow/dags/hello_world.py
[2022-12-01T10:21:00.162+0000] {logging_mixin.py:137} INFO - [2022-12-01T10:21:00.162+0000] {dag.py:2585} INFO - Sync 1 DAGs
[2022-12-01T10:21:00.195+0000] {logging_mixin.py:137} INFO - [2022-12-01T10:21:00.195+0000] {dag.py:3340} INFO - Setting next_dagrun for hello_world to 2022-12-01T12:00:00+00:00, run_after=2022-12-02T12:00:00+00:00
[2022-12-01T10:21:00.216+0000] {processor.py:176} INFO - Processing /opt/airflow/dags/hello_world.py took 0.134 seconds
[2022-12-01T10:21:30.715+0000] {processor.py:154} INFO - Started process (PID=7658) to work on /opt/airflow/dags/hello_world.py
[2022-12-01T10:21:30.718+0000] {processor.py:756} INFO - Processing file /opt/airflow/dags/hello_world.py for tasks to queue
[2022-12-01T10:21:30.720+0000] {logging_mixin.py:137} INFO - [2022-12-01T10:21:30.720+0000] {dagbag.py:537} INFO - Filling up the DagBag from /opt/airflow/dags/hello_world.py
[2022-12-01T10:21:30.752+0000] {processor.py:766} INFO - DAG(s) dict_keys(['hello_world']) retrieved from /opt/airflow/dags/hello_world.py
[2022-12-01T10:21:30.837+0000] {logging_mixin.py:137} INFO - [2022-12-01T10:21:30.836+0000] {dag.py:2585} INFO - Sync 1 DAGs
[2022-12-01T10:21:30.898+0000] {logging_mixin.py:137} INFO - [2022-12-01T10:21:30.898+0000] {dag.py:3340} INFO - Setting next_dagrun for hello_world to 2022-12-01T12:00:00+00:00, run_after=2022-12-02T12:00:00+00:00
[2022-12-01T10:21:30.942+0000] {processor.py:176} INFO - Processing /opt/airflow/dags/hello_world.py took 0.232 seconds
[2022-12-01T10:22:01.560+0000] {processor.py:154} INFO - Started process (PID=7716) to work on /opt/airflow/dags/hello_world.py
[2022-12-01T10:22:01.561+0000] {processor.py:756} INFO - Processing file /opt/airflow/dags/hello_world.py for tasks to queue
[2022-12-01T10:22:01.563+0000] {logging_mixin.py:137} INFO - [2022-12-01T10:22:01.562+0000] {dagbag.py:537} INFO - Filling up the DagBag from /opt/airflow/dags/hello_world.py
[2022-12-01T10:22:01.588+0000] {processor.py:766} INFO - DAG(s) dict_keys(['hello_world']) retrieved from /opt/airflow/dags/hello_world.py
[2022-12-01T10:22:01.641+0000] {logging_mixin.py:137} INFO - [2022-12-01T10:22:01.641+0000] {dag.py:2585} INFO - Sync 1 DAGs
[2022-12-01T10:22:01.676+0000] {logging_mixin.py:137} INFO - [2022-12-01T10:22:01.675+0000] {dag.py:3340} INFO - Setting next_dagrun for hello_world to 2022-12-01T12:00:00+00:00, run_after=2022-12-02T12:00:00+00:00
[2022-12-01T10:22:01.697+0000] {processor.py:176} INFO - Processing /opt/airflow/dags/hello_world.py took 0.143 seconds
[2022-12-01T10:22:31.871+0000] {processor.py:154} INFO - Started process (PID=7783) to work on /opt/airflow/dags/hello_world.py
[2022-12-01T10:22:31.874+0000] {processor.py:756} INFO - Processing file /opt/airflow/dags/hello_world.py for tasks to queue
[2022-12-01T10:22:31.875+0000] {logging_mixin.py:137} INFO - [2022-12-01T10:22:31.875+0000] {dagbag.py:537} INFO - Filling up the DagBag from /opt/airflow/dags/hello_world.py
[2022-12-01T10:22:31.898+0000] {processor.py:766} INFO - DAG(s) dict_keys(['hello_world']) retrieved from /opt/airflow/dags/hello_world.py
[2022-12-01T10:22:31.952+0000] {logging_mixin.py:137} INFO - [2022-12-01T10:22:31.951+0000] {dag.py:2585} INFO - Sync 1 DAGs
[2022-12-01T10:22:31.984+0000] {logging_mixin.py:137} INFO - [2022-12-01T10:22:31.984+0000] {dag.py:3340} INFO - Setting next_dagrun for hello_world to 2022-12-01T12:00:00+00:00, run_after=2022-12-02T12:00:00+00:00
[2022-12-01T10:22:32.009+0000] {processor.py:176} INFO - Processing /opt/airflow/dags/hello_world.py took 0.142 seconds
[2022-12-01T10:23:02.410+0000] {processor.py:154} INFO - Started process (PID=7850) to work on /opt/airflow/dags/hello_world.py
[2022-12-01T10:23:02.413+0000] {processor.py:756} INFO - Processing file /opt/airflow/dags/hello_world.py for tasks to queue
[2022-12-01T10:23:02.415+0000] {logging_mixin.py:137} INFO - [2022-12-01T10:23:02.415+0000] {dagbag.py:537} INFO - Filling up the DagBag from /opt/airflow/dags/hello_world.py
[2022-12-01T10:23:02.460+0000] {processor.py:766} INFO - DAG(s) dict_keys(['hello_world']) retrieved from /opt/airflow/dags/hello_world.py
[2022-12-01T10:23:02.550+0000] {logging_mixin.py:137} INFO - [2022-12-01T10:23:02.550+0000] {dag.py:2585} INFO - Sync 1 DAGs
[2022-12-01T10:23:02.616+0000] {logging_mixin.py:137} INFO - [2022-12-01T10:23:02.616+0000] {dag.py:3340} INFO - Setting next_dagrun for hello_world to 2022-12-01T12:00:00+00:00, run_after=2022-12-02T12:00:00+00:00
[2022-12-01T10:23:02.652+0000] {processor.py:176} INFO - Processing /opt/airflow/dags/hello_world.py took 0.247 seconds
[2022-12-01T10:23:33.164+0000] {processor.py:154} INFO - Started process (PID=7908) to work on /opt/airflow/dags/hello_world.py
[2022-12-01T10:23:33.168+0000] {processor.py:756} INFO - Processing file /opt/airflow/dags/hello_world.py for tasks to queue
[2022-12-01T10:23:33.170+0000] {logging_mixin.py:137} INFO - [2022-12-01T10:23:33.169+0000] {dagbag.py:537} INFO - Filling up the DagBag from /opt/airflow/dags/hello_world.py
[2022-12-01T10:23:33.203+0000] {processor.py:766} INFO - DAG(s) dict_keys(['hello_world']) retrieved from /opt/airflow/dags/hello_world.py
[2022-12-01T10:23:33.262+0000] {logging_mixin.py:137} INFO - [2022-12-01T10:23:33.261+0000] {dag.py:2585} INFO - Sync 1 DAGs
[2022-12-01T10:23:33.300+0000] {logging_mixin.py:137} INFO - [2022-12-01T10:23:33.300+0000] {dag.py:3340} INFO - Setting next_dagrun for hello_world to 2022-12-01T12:00:00+00:00, run_after=2022-12-02T12:00:00+00:00
[2022-12-01T10:23:33.357+0000] {processor.py:176} INFO - Processing /opt/airflow/dags/hello_world.py took 0.200 seconds
[2022-12-01T10:24:03.501+0000] {processor.py:154} INFO - Started process (PID=7976) to work on /opt/airflow/dags/hello_world.py
[2022-12-01T10:24:03.504+0000] {processor.py:756} INFO - Processing file /opt/airflow/dags/hello_world.py for tasks to queue
[2022-12-01T10:24:03.505+0000] {logging_mixin.py:137} INFO - [2022-12-01T10:24:03.505+0000] {dagbag.py:537} INFO - Filling up the DagBag from /opt/airflow/dags/hello_world.py
[2022-12-01T10:24:03.530+0000] {processor.py:766} INFO - DAG(s) dict_keys(['hello_world']) retrieved from /opt/airflow/dags/hello_world.py
[2022-12-01T10:24:03.585+0000] {logging_mixin.py:137} INFO - [2022-12-01T10:24:03.585+0000] {dag.py:2585} INFO - Sync 1 DAGs
[2022-12-01T10:24:03.624+0000] {logging_mixin.py:137} INFO - [2022-12-01T10:24:03.624+0000] {dag.py:3340} INFO - Setting next_dagrun for hello_world to 2022-12-01T12:00:00+00:00, run_after=2022-12-02T12:00:00+00:00
[2022-12-01T10:24:03.656+0000] {processor.py:176} INFO - Processing /opt/airflow/dags/hello_world.py took 0.161 seconds
[2022-12-01T10:24:34.194+0000] {processor.py:154} INFO - Started process (PID=8035) to work on /opt/airflow/dags/hello_world.py
[2022-12-01T10:24:34.196+0000] {processor.py:756} INFO - Processing file /opt/airflow/dags/hello_world.py for tasks to queue
[2022-12-01T10:24:34.198+0000] {logging_mixin.py:137} INFO - [2022-12-01T10:24:34.197+0000] {dagbag.py:537} INFO - Filling up the DagBag from /opt/airflow/dags/hello_world.py
[2022-12-01T10:24:34.225+0000] {processor.py:766} INFO - DAG(s) dict_keys(['hello_world']) retrieved from /opt/airflow/dags/hello_world.py
[2022-12-01T10:24:34.282+0000] {logging_mixin.py:137} INFO - [2022-12-01T10:24:34.281+0000] {dag.py:2585} INFO - Sync 1 DAGs
[2022-12-01T10:24:34.324+0000] {logging_mixin.py:137} INFO - [2022-12-01T10:24:34.323+0000] {dag.py:3340} INFO - Setting next_dagrun for hello_world to 2022-12-01T12:00:00+00:00, run_after=2022-12-02T12:00:00+00:00
[2022-12-01T10:24:34.356+0000] {processor.py:176} INFO - Processing /opt/airflow/dags/hello_world.py took 0.169 seconds
[2022-12-01T10:25:04.540+0000] {processor.py:154} INFO - Started process (PID=8102) to work on /opt/airflow/dags/hello_world.py
[2022-12-01T10:25:04.542+0000] {processor.py:756} INFO - Processing file /opt/airflow/dags/hello_world.py for tasks to queue
[2022-12-01T10:25:04.544+0000] {logging_mixin.py:137} INFO - [2022-12-01T10:25:04.544+0000] {dagbag.py:537} INFO - Filling up the DagBag from /opt/airflow/dags/hello_world.py
[2022-12-01T10:25:04.574+0000] {processor.py:766} INFO - DAG(s) dict_keys(['hello_world']) retrieved from /opt/airflow/dags/hello_world.py
[2022-12-01T10:25:04.649+0000] {logging_mixin.py:137} INFO - [2022-12-01T10:25:04.648+0000] {dag.py:2585} INFO - Sync 1 DAGs
[2022-12-01T10:25:04.696+0000] {logging_mixin.py:137} INFO - [2022-12-01T10:25:04.696+0000] {dag.py:3340} INFO - Setting next_dagrun for hello_world to 2022-12-01T12:00:00+00:00, run_after=2022-12-02T12:00:00+00:00
[2022-12-01T10:25:04.724+0000] {processor.py:176} INFO - Processing /opt/airflow/dags/hello_world.py took 0.191 seconds
[2022-12-01T10:25:34.878+0000] {processor.py:154} INFO - Started process (PID=8169) to work on /opt/airflow/dags/hello_world.py
[2022-12-01T10:25:34.880+0000] {processor.py:756} INFO - Processing file /opt/airflow/dags/hello_world.py for tasks to queue
[2022-12-01T10:25:34.882+0000] {logging_mixin.py:137} INFO - [2022-12-01T10:25:34.881+0000] {dagbag.py:537} INFO - Filling up the DagBag from /opt/airflow/dags/hello_world.py
[2022-12-01T10:25:34.927+0000] {processor.py:766} INFO - DAG(s) dict_keys(['hello_world']) retrieved from /opt/airflow/dags/hello_world.py
[2022-12-01T10:25:34.991+0000] {logging_mixin.py:137} INFO - [2022-12-01T10:25:34.991+0000] {dag.py:2585} INFO - Sync 1 DAGs
[2022-12-01T10:25:35.024+0000] {logging_mixin.py:137} INFO - [2022-12-01T10:25:35.024+0000] {dag.py:3340} INFO - Setting next_dagrun for hello_world to 2022-12-01T12:00:00+00:00, run_after=2022-12-02T12:00:00+00:00
[2022-12-01T10:25:35.047+0000] {processor.py:176} INFO - Processing /opt/airflow/dags/hello_world.py took 0.176 seconds
[2022-12-01T10:26:05.092+0000] {processor.py:154} INFO - Started process (PID=8228) to work on /opt/airflow/dags/hello_world.py
[2022-12-01T10:26:05.094+0000] {processor.py:756} INFO - Processing file /opt/airflow/dags/hello_world.py for tasks to queue
[2022-12-01T10:26:05.095+0000] {logging_mixin.py:137} INFO - [2022-12-01T10:26:05.095+0000] {dagbag.py:537} INFO - Filling up the DagBag from /opt/airflow/dags/hello_world.py
[2022-12-01T10:26:05.126+0000] {processor.py:766} INFO - DAG(s) dict_keys(['hello_world']) retrieved from /opt/airflow/dags/hello_world.py
[2022-12-01T10:26:05.210+0000] {logging_mixin.py:137} INFO - [2022-12-01T10:26:05.209+0000] {dag.py:2585} INFO - Sync 1 DAGs
[2022-12-01T10:26:05.268+0000] {logging_mixin.py:137} INFO - [2022-12-01T10:26:05.268+0000] {dag.py:3340} INFO - Setting next_dagrun for hello_world to 2022-12-01T12:00:00+00:00, run_after=2022-12-02T12:00:00+00:00
[2022-12-01T10:26:05.309+0000] {processor.py:176} INFO - Processing /opt/airflow/dags/hello_world.py took 0.225 seconds
[2022-12-01T10:26:35.387+0000] {processor.py:154} INFO - Started process (PID=8295) to work on /opt/airflow/dags/hello_world.py
[2022-12-01T10:26:35.390+0000] {processor.py:756} INFO - Processing file /opt/airflow/dags/hello_world.py for tasks to queue
[2022-12-01T10:26:35.392+0000] {logging_mixin.py:137} INFO - [2022-12-01T10:26:35.391+0000] {dagbag.py:537} INFO - Filling up the DagBag from /opt/airflow/dags/hello_world.py
[2022-12-01T10:26:35.426+0000] {processor.py:766} INFO - DAG(s) dict_keys(['hello_world']) retrieved from /opt/airflow/dags/hello_world.py
[2022-12-01T10:26:35.505+0000] {logging_mixin.py:137} INFO - [2022-12-01T10:26:35.505+0000] {dag.py:2585} INFO - Sync 1 DAGs
[2022-12-01T10:26:35.554+0000] {logging_mixin.py:137} INFO - [2022-12-01T10:26:35.554+0000] {dag.py:3340} INFO - Setting next_dagrun for hello_world to 2022-12-01T12:00:00+00:00, run_after=2022-12-02T12:00:00+00:00
[2022-12-01T10:26:35.585+0000] {processor.py:176} INFO - Processing /opt/airflow/dags/hello_world.py took 0.204 seconds
[2022-12-01T10:27:06.474+0000] {processor.py:154} INFO - Started process (PID=8361) to work on /opt/airflow/dags/hello_world.py
[2022-12-01T10:27:06.476+0000] {processor.py:756} INFO - Processing file /opt/airflow/dags/hello_world.py for tasks to queue
[2022-12-01T10:27:06.477+0000] {logging_mixin.py:137} INFO - [2022-12-01T10:27:06.477+0000] {dagbag.py:537} INFO - Filling up the DagBag from /opt/airflow/dags/hello_world.py
[2022-12-01T10:27:06.499+0000] {processor.py:766} INFO - DAG(s) dict_keys(['hello_world']) retrieved from /opt/airflow/dags/hello_world.py
[2022-12-01T10:27:06.545+0000] {logging_mixin.py:137} INFO - [2022-12-01T10:27:06.545+0000] {dag.py:2585} INFO - Sync 1 DAGs
[2022-12-01T10:27:06.577+0000] {logging_mixin.py:137} INFO - [2022-12-01T10:27:06.577+0000] {dag.py:3340} INFO - Setting next_dagrun for hello_world to 2022-12-01T12:00:00+00:00, run_after=2022-12-02T12:00:00+00:00
[2022-12-01T10:27:06.597+0000] {processor.py:176} INFO - Processing /opt/airflow/dags/hello_world.py took 0.128 seconds
[2022-12-01T10:27:36.993+0000] {processor.py:154} INFO - Started process (PID=8422) to work on /opt/airflow/dags/hello_world.py
[2022-12-01T10:27:36.996+0000] {processor.py:756} INFO - Processing file /opt/airflow/dags/hello_world.py for tasks to queue
[2022-12-01T10:27:36.998+0000] {logging_mixin.py:137} INFO - [2022-12-01T10:27:36.997+0000] {dagbag.py:537} INFO - Filling up the DagBag from /opt/airflow/dags/hello_world.py
[2022-12-01T10:27:37.041+0000] {processor.py:766} INFO - DAG(s) dict_keys(['hello_world']) retrieved from /opt/airflow/dags/hello_world.py
[2022-12-01T10:27:37.130+0000] {logging_mixin.py:137} INFO - [2022-12-01T10:27:37.129+0000] {dag.py:2585} INFO - Sync 1 DAGs
[2022-12-01T10:27:37.178+0000] {logging_mixin.py:137} INFO - [2022-12-01T10:27:37.177+0000] {dag.py:3340} INFO - Setting next_dagrun for hello_world to 2022-12-01T12:00:00+00:00, run_after=2022-12-02T12:00:00+00:00
[2022-12-01T10:27:37.210+0000] {processor.py:176} INFO - Processing /opt/airflow/dags/hello_world.py took 0.227 seconds
[2022-12-01T10:28:07.578+0000] {processor.py:154} INFO - Started process (PID=8489) to work on /opt/airflow/dags/hello_world.py
[2022-12-01T10:28:07.582+0000] {processor.py:756} INFO - Processing file /opt/airflow/dags/hello_world.py for tasks to queue
[2022-12-01T10:28:07.586+0000] {logging_mixin.py:137} INFO - [2022-12-01T10:28:07.586+0000] {dagbag.py:537} INFO - Filling up the DagBag from /opt/airflow/dags/hello_world.py
[2022-12-01T10:28:07.613+0000] {processor.py:766} INFO - DAG(s) dict_keys(['hello_world']) retrieved from /opt/airflow/dags/hello_world.py
[2022-12-01T10:28:07.659+0000] {logging_mixin.py:137} INFO - [2022-12-01T10:28:07.659+0000] {dag.py:2585} INFO - Sync 1 DAGs
[2022-12-01T10:28:07.701+0000] {logging_mixin.py:137} INFO - [2022-12-01T10:28:07.700+0000] {dag.py:3340} INFO - Setting next_dagrun for hello_world to 2022-12-01T12:00:00+00:00, run_after=2022-12-02T12:00:00+00:00
[2022-12-01T10:28:07.732+0000] {processor.py:176} INFO - Processing /opt/airflow/dags/hello_world.py took 0.164 seconds
[2022-12-01T10:28:38.667+0000] {processor.py:154} INFO - Started process (PID=8547) to work on /opt/airflow/dags/hello_world.py
[2022-12-01T10:28:38.669+0000] {processor.py:756} INFO - Processing file /opt/airflow/dags/hello_world.py for tasks to queue
[2022-12-01T10:28:38.671+0000] {logging_mixin.py:137} INFO - [2022-12-01T10:28:38.670+0000] {dagbag.py:537} INFO - Filling up the DagBag from /opt/airflow/dags/hello_world.py
[2022-12-01T10:28:38.697+0000] {processor.py:766} INFO - DAG(s) dict_keys(['hello_world']) retrieved from /opt/airflow/dags/hello_world.py
[2022-12-01T10:28:38.749+0000] {logging_mixin.py:137} INFO - [2022-12-01T10:28:38.748+0000] {dag.py:2585} INFO - Sync 1 DAGs
[2022-12-01T10:28:38.788+0000] {logging_mixin.py:137} INFO - [2022-12-01T10:28:38.787+0000] {dag.py:3340} INFO - Setting next_dagrun for hello_world to 2022-12-01T12:00:00+00:00, run_after=2022-12-02T12:00:00+00:00
[2022-12-01T10:28:38.814+0000] {processor.py:176} INFO - Processing /opt/airflow/dags/hello_world.py took 0.153 seconds
[2022-12-01T10:29:09.528+0000] {processor.py:154} INFO - Started process (PID=8614) to work on /opt/airflow/dags/hello_world.py
[2022-12-01T10:29:09.529+0000] {processor.py:756} INFO - Processing file /opt/airflow/dags/hello_world.py for tasks to queue
[2022-12-01T10:29:09.530+0000] {logging_mixin.py:137} INFO - [2022-12-01T10:29:09.530+0000] {dagbag.py:537} INFO - Filling up the DagBag from /opt/airflow/dags/hello_world.py
[2022-12-01T10:29:09.555+0000] {processor.py:766} INFO - DAG(s) dict_keys(['hello_world']) retrieved from /opt/airflow/dags/hello_world.py
[2022-12-01T10:29:09.604+0000] {logging_mixin.py:137} INFO - [2022-12-01T10:29:09.604+0000] {dag.py:2585} INFO - Sync 1 DAGs
[2022-12-01T10:29:09.635+0000] {logging_mixin.py:137} INFO - [2022-12-01T10:29:09.635+0000] {dag.py:3340} INFO - Setting next_dagrun for hello_world to 2022-12-01T12:00:00+00:00, run_after=2022-12-02T12:00:00+00:00
[2022-12-01T10:29:09.657+0000] {processor.py:176} INFO - Processing /opt/airflow/dags/hello_world.py took 0.135 seconds
[2022-12-01T10:29:39.943+0000] {processor.py:154} INFO - Started process (PID=8681) to work on /opt/airflow/dags/hello_world.py
[2022-12-01T10:29:39.946+0000] {processor.py:756} INFO - Processing file /opt/airflow/dags/hello_world.py for tasks to queue
[2022-12-01T10:29:39.948+0000] {logging_mixin.py:137} INFO - [2022-12-01T10:29:39.947+0000] {dagbag.py:537} INFO - Filling up the DagBag from /opt/airflow/dags/hello_world.py
[2022-12-01T10:29:39.981+0000] {processor.py:766} INFO - DAG(s) dict_keys(['hello_world']) retrieved from /opt/airflow/dags/hello_world.py
[2022-12-01T10:29:40.046+0000] {logging_mixin.py:137} INFO - [2022-12-01T10:29:40.046+0000] {dag.py:2585} INFO - Sync 1 DAGs
[2022-12-01T10:29:40.081+0000] {logging_mixin.py:137} INFO - [2022-12-01T10:29:40.081+0000] {dag.py:3340} INFO - Setting next_dagrun for hello_world to 2022-12-01T12:00:00+00:00, run_after=2022-12-02T12:00:00+00:00
[2022-12-01T10:29:40.103+0000] {processor.py:176} INFO - Processing /opt/airflow/dags/hello_world.py took 0.166 seconds
[2022-12-01T10:30:11.038+0000] {processor.py:154} INFO - Started process (PID=8739) to work on /opt/airflow/dags/hello_world.py
[2022-12-01T10:30:11.040+0000] {processor.py:756} INFO - Processing file /opt/airflow/dags/hello_world.py for tasks to queue
[2022-12-01T10:30:11.042+0000] {logging_mixin.py:137} INFO - [2022-12-01T10:30:11.042+0000] {dagbag.py:537} INFO - Filling up the DagBag from /opt/airflow/dags/hello_world.py
[2022-12-01T10:30:11.070+0000] {processor.py:766} INFO - DAG(s) dict_keys(['hello_world']) retrieved from /opt/airflow/dags/hello_world.py
[2022-12-01T10:30:11.122+0000] {logging_mixin.py:137} INFO - [2022-12-01T10:30:11.122+0000] {dag.py:2585} INFO - Sync 1 DAGs
[2022-12-01T10:30:11.156+0000] {logging_mixin.py:137} INFO - [2022-12-01T10:30:11.156+0000] {dag.py:3340} INFO - Setting next_dagrun for hello_world to 2022-12-01T12:00:00+00:00, run_after=2022-12-02T12:00:00+00:00
[2022-12-01T10:30:11.178+0000] {processor.py:176} INFO - Processing /opt/airflow/dags/hello_world.py took 0.145 seconds
[2022-12-01T10:30:41.582+0000] {processor.py:154} INFO - Started process (PID=8807) to work on /opt/airflow/dags/hello_world.py
[2022-12-01T10:30:41.584+0000] {processor.py:756} INFO - Processing file /opt/airflow/dags/hello_world.py for tasks to queue
[2022-12-01T10:30:41.586+0000] {logging_mixin.py:137} INFO - [2022-12-01T10:30:41.585+0000] {dagbag.py:537} INFO - Filling up the DagBag from /opt/airflow/dags/hello_world.py
[2022-12-01T10:30:41.614+0000] {processor.py:766} INFO - DAG(s) dict_keys(['hello_world']) retrieved from /opt/airflow/dags/hello_world.py
[2022-12-01T10:30:41.667+0000] {logging_mixin.py:137} INFO - [2022-12-01T10:30:41.667+0000] {dag.py:2585} INFO - Sync 1 DAGs
[2022-12-01T10:30:41.706+0000] {logging_mixin.py:137} INFO - [2022-12-01T10:30:41.706+0000] {dag.py:3340} INFO - Setting next_dagrun for hello_world to 2022-12-01T12:00:00+00:00, run_after=2022-12-02T12:00:00+00:00
[2022-12-01T10:30:41.729+0000] {processor.py:176} INFO - Processing /opt/airflow/dags/hello_world.py took 0.155 seconds
[2022-12-01T10:31:11.811+0000] {processor.py:154} INFO - Started process (PID=8874) to work on /opt/airflow/dags/hello_world.py
[2022-12-01T10:31:11.813+0000] {processor.py:756} INFO - Processing file /opt/airflow/dags/hello_world.py for tasks to queue
[2022-12-01T10:31:11.814+0000] {logging_mixin.py:137} INFO - [2022-12-01T10:31:11.814+0000] {dagbag.py:537} INFO - Filling up the DagBag from /opt/airflow/dags/hello_world.py
[2022-12-01T10:31:11.846+0000] {processor.py:766} INFO - DAG(s) dict_keys(['hello_world']) retrieved from /opt/airflow/dags/hello_world.py
[2022-12-01T10:31:11.940+0000] {logging_mixin.py:137} INFO - [2022-12-01T10:31:11.940+0000] {dag.py:2585} INFO - Sync 1 DAGs
[2022-12-01T10:31:11.992+0000] {logging_mixin.py:137} INFO - [2022-12-01T10:31:11.992+0000] {dag.py:3340} INFO - Setting next_dagrun for hello_world to 2022-12-01T12:00:00+00:00, run_after=2022-12-02T12:00:00+00:00
[2022-12-01T10:31:12.022+0000] {processor.py:176} INFO - Processing /opt/airflow/dags/hello_world.py took 0.221 seconds
[2022-12-01T10:31:42.195+0000] {processor.py:154} INFO - Started process (PID=8932) to work on /opt/airflow/dags/hello_world.py
[2022-12-01T10:31:42.197+0000] {processor.py:756} INFO - Processing file /opt/airflow/dags/hello_world.py for tasks to queue
[2022-12-01T10:31:42.199+0000] {logging_mixin.py:137} INFO - [2022-12-01T10:31:42.198+0000] {dagbag.py:537} INFO - Filling up the DagBag from /opt/airflow/dags/hello_world.py
[2022-12-01T10:31:42.227+0000] {processor.py:766} INFO - DAG(s) dict_keys(['hello_world']) retrieved from /opt/airflow/dags/hello_world.py
[2022-12-01T10:31:42.282+0000] {logging_mixin.py:137} INFO - [2022-12-01T10:31:42.282+0000] {dag.py:2585} INFO - Sync 1 DAGs
[2022-12-01T10:31:42.318+0000] {logging_mixin.py:137} INFO - [2022-12-01T10:31:42.318+0000] {dag.py:3340} INFO - Setting next_dagrun for hello_world to 2022-12-01T12:00:00+00:00, run_after=2022-12-02T12:00:00+00:00
[2022-12-01T10:31:42.342+0000] {processor.py:176} INFO - Processing /opt/airflow/dags/hello_world.py took 0.152 seconds
[2022-12-01T10:32:12.414+0000] {processor.py:154} INFO - Started process (PID=9000) to work on /opt/airflow/dags/hello_world.py
[2022-12-01T10:32:12.417+0000] {processor.py:756} INFO - Processing file /opt/airflow/dags/hello_world.py for tasks to queue
[2022-12-01T10:32:12.420+0000] {logging_mixin.py:137} INFO - [2022-12-01T10:32:12.420+0000] {dagbag.py:537} INFO - Filling up the DagBag from /opt/airflow/dags/hello_world.py
[2022-12-01T10:32:12.468+0000] {processor.py:766} INFO - DAG(s) dict_keys(['hello_world']) retrieved from /opt/airflow/dags/hello_world.py
[2022-12-01T10:32:12.521+0000] {logging_mixin.py:137} INFO - [2022-12-01T10:32:12.521+0000] {dag.py:2585} INFO - Sync 1 DAGs
[2022-12-01T10:32:12.557+0000] {logging_mixin.py:137} INFO - [2022-12-01T10:32:12.557+0000] {dag.py:3340} INFO - Setting next_dagrun for hello_world to 2022-12-01T12:00:00+00:00, run_after=2022-12-02T12:00:00+00:00
[2022-12-01T10:32:12.579+0000] {processor.py:176} INFO - Processing /opt/airflow/dags/hello_world.py took 0.170 seconds
[2022-12-01T10:32:42.884+0000] {processor.py:154} INFO - Started process (PID=9058) to work on /opt/airflow/dags/hello_world.py
[2022-12-01T10:32:42.886+0000] {processor.py:756} INFO - Processing file /opt/airflow/dags/hello_world.py for tasks to queue
[2022-12-01T10:32:42.887+0000] {logging_mixin.py:137} INFO - [2022-12-01T10:32:42.887+0000] {dagbag.py:537} INFO - Filling up the DagBag from /opt/airflow/dags/hello_world.py
[2022-12-01T10:32:42.915+0000] {processor.py:766} INFO - DAG(s) dict_keys(['hello_world']) retrieved from /opt/airflow/dags/hello_world.py
[2022-12-01T10:32:42.964+0000] {logging_mixin.py:137} INFO - [2022-12-01T10:32:42.964+0000] {dag.py:2585} INFO - Sync 1 DAGs
[2022-12-01T10:32:43.000+0000] {logging_mixin.py:137} INFO - [2022-12-01T10:32:43.000+0000] {dag.py:3340} INFO - Setting next_dagrun for hello_world to 2022-12-01T12:00:00+00:00, run_after=2022-12-02T12:00:00+00:00
[2022-12-01T10:32:43.021+0000] {processor.py:176} INFO - Processing /opt/airflow/dags/hello_world.py took 0.143 seconds
[2022-12-01T10:33:13.988+0000] {processor.py:154} INFO - Started process (PID=9125) to work on /opt/airflow/dags/hello_world.py
[2022-12-01T10:33:13.990+0000] {processor.py:756} INFO - Processing file /opt/airflow/dags/hello_world.py for tasks to queue
[2022-12-01T10:33:13.992+0000] {logging_mixin.py:137} INFO - [2022-12-01T10:33:13.992+0000] {dagbag.py:537} INFO - Filling up the DagBag from /opt/airflow/dags/hello_world.py
[2022-12-01T10:33:14.019+0000] {processor.py:766} INFO - DAG(s) dict_keys(['hello_world']) retrieved from /opt/airflow/dags/hello_world.py
[2022-12-01T10:33:14.079+0000] {logging_mixin.py:137} INFO - [2022-12-01T10:33:14.078+0000] {dag.py:2585} INFO - Sync 1 DAGs
[2022-12-01T10:33:14.114+0000] {logging_mixin.py:137} INFO - [2022-12-01T10:33:14.114+0000] {dag.py:3340} INFO - Setting next_dagrun for hello_world to 2022-12-01T12:00:00+00:00, run_after=2022-12-02T12:00:00+00:00
[2022-12-01T10:33:14.135+0000] {processor.py:176} INFO - Processing /opt/airflow/dags/hello_world.py took 0.153 seconds
[2022-12-01T10:33:44.369+0000] {processor.py:154} INFO - Started process (PID=9193) to work on /opt/airflow/dags/hello_world.py
[2022-12-01T10:33:44.371+0000] {processor.py:756} INFO - Processing file /opt/airflow/dags/hello_world.py for tasks to queue
[2022-12-01T10:33:44.373+0000] {logging_mixin.py:137} INFO - [2022-12-01T10:33:44.372+0000] {dagbag.py:537} INFO - Filling up the DagBag from /opt/airflow/dags/hello_world.py
[2022-12-01T10:33:44.411+0000] {processor.py:766} INFO - DAG(s) dict_keys(['hello_world']) retrieved from /opt/airflow/dags/hello_world.py
[2022-12-01T10:33:44.474+0000] {logging_mixin.py:137} INFO - [2022-12-01T10:33:44.474+0000] {dag.py:2585} INFO - Sync 1 DAGs
[2022-12-01T10:33:44.517+0000] {logging_mixin.py:137} INFO - [2022-12-01T10:33:44.517+0000] {dag.py:3340} INFO - Setting next_dagrun for hello_world to 2022-12-01T12:00:00+00:00, run_after=2022-12-02T12:00:00+00:00
[2022-12-01T10:33:44.549+0000] {processor.py:176} INFO - Processing /opt/airflow/dags/hello_world.py took 0.186 seconds
[2022-12-01T10:34:14.803+0000] {processor.py:154} INFO - Started process (PID=9253) to work on /opt/airflow/dags/hello_world.py
[2022-12-01T10:34:14.805+0000] {processor.py:756} INFO - Processing file /opt/airflow/dags/hello_world.py for tasks to queue
[2022-12-01T10:34:14.807+0000] {logging_mixin.py:137} INFO - [2022-12-01T10:34:14.806+0000] {dagbag.py:537} INFO - Filling up the DagBag from /opt/airflow/dags/hello_world.py
[2022-12-01T10:34:14.833+0000] {processor.py:766} INFO - DAG(s) dict_keys(['hello_world']) retrieved from /opt/airflow/dags/hello_world.py
[2022-12-01T10:34:14.887+0000] {logging_mixin.py:137} INFO - [2022-12-01T10:34:14.887+0000] {dag.py:2585} INFO - Sync 1 DAGs
[2022-12-01T10:34:14.923+0000] {logging_mixin.py:137} INFO - [2022-12-01T10:34:14.923+0000] {dag.py:3340} INFO - Setting next_dagrun for hello_world to 2022-12-01T12:00:00+00:00, run_after=2022-12-02T12:00:00+00:00
[2022-12-01T10:34:14.950+0000] {processor.py:176} INFO - Processing /opt/airflow/dags/hello_world.py took 0.152 seconds
[2022-12-01T10:34:45.547+0000] {processor.py:154} INFO - Started process (PID=9318) to work on /opt/airflow/dags/hello_world.py
[2022-12-01T10:34:45.549+0000] {processor.py:756} INFO - Processing file /opt/airflow/dags/hello_world.py for tasks to queue
[2022-12-01T10:34:45.551+0000] {logging_mixin.py:137} INFO - [2022-12-01T10:34:45.551+0000] {dagbag.py:537} INFO - Filling up the DagBag from /opt/airflow/dags/hello_world.py
[2022-12-01T10:34:45.583+0000] {processor.py:766} INFO - DAG(s) dict_keys(['hello_world']) retrieved from /opt/airflow/dags/hello_world.py
[2022-12-01T10:34:45.635+0000] {logging_mixin.py:137} INFO - [2022-12-01T10:34:45.635+0000] {dag.py:2585} INFO - Sync 1 DAGs
[2022-12-01T10:34:45.672+0000] {logging_mixin.py:137} INFO - [2022-12-01T10:34:45.672+0000] {dag.py:3340} INFO - Setting next_dagrun for hello_world to 2022-12-01T12:00:00+00:00, run_after=2022-12-02T12:00:00+00:00
[2022-12-01T10:34:45.695+0000] {processor.py:176} INFO - Processing /opt/airflow/dags/hello_world.py took 0.154 seconds
[2022-12-01T10:35:15.734+0000] {processor.py:154} INFO - Started process (PID=9385) to work on /opt/airflow/dags/hello_world.py
[2022-12-01T10:35:15.737+0000] {processor.py:756} INFO - Processing file /opt/airflow/dags/hello_world.py for tasks to queue
[2022-12-01T10:35:15.738+0000] {logging_mixin.py:137} INFO - [2022-12-01T10:35:15.738+0000] {dagbag.py:537} INFO - Filling up the DagBag from /opt/airflow/dags/hello_world.py
[2022-12-01T10:35:15.764+0000] {processor.py:766} INFO - DAG(s) dict_keys(['hello_world']) retrieved from /opt/airflow/dags/hello_world.py
[2022-12-01T10:35:15.810+0000] {logging_mixin.py:137} INFO - [2022-12-01T10:35:15.810+0000] {dag.py:2585} INFO - Sync 1 DAGs
[2022-12-01T10:35:15.844+0000] {logging_mixin.py:137} INFO - [2022-12-01T10:35:15.844+0000] {dag.py:3340} INFO - Setting next_dagrun for hello_world to 2022-12-01T12:00:00+00:00, run_after=2022-12-02T12:00:00+00:00
[2022-12-01T10:35:15.865+0000] {processor.py:176} INFO - Processing /opt/airflow/dags/hello_world.py took 0.138 seconds
[2022-12-01T10:35:46.234+0000] {processor.py:154} INFO - Started process (PID=9443) to work on /opt/airflow/dags/hello_world.py
[2022-12-01T10:35:46.236+0000] {processor.py:756} INFO - Processing file /opt/airflow/dags/hello_world.py for tasks to queue
[2022-12-01T10:35:46.237+0000] {logging_mixin.py:137} INFO - [2022-12-01T10:35:46.237+0000] {dagbag.py:537} INFO - Filling up the DagBag from /opt/airflow/dags/hello_world.py
[2022-12-01T10:35:46.267+0000] {processor.py:766} INFO - DAG(s) dict_keys(['hello_world']) retrieved from /opt/airflow/dags/hello_world.py
[2022-12-01T10:35:46.315+0000] {logging_mixin.py:137} INFO - [2022-12-01T10:35:46.315+0000] {dag.py:2585} INFO - Sync 1 DAGs
[2022-12-01T10:35:46.350+0000] {logging_mixin.py:137} INFO - [2022-12-01T10:35:46.350+0000] {dag.py:3340} INFO - Setting next_dagrun for hello_world to 2022-12-01T12:00:00+00:00, run_after=2022-12-02T12:00:00+00:00
[2022-12-01T10:35:46.377+0000] {processor.py:176} INFO - Processing /opt/airflow/dags/hello_world.py took 0.150 seconds
[2022-12-01T10:36:16.586+0000] {processor.py:154} INFO - Started process (PID=9510) to work on /opt/airflow/dags/hello_world.py
[2022-12-01T10:36:16.589+0000] {processor.py:756} INFO - Processing file /opt/airflow/dags/hello_world.py for tasks to queue
[2022-12-01T10:36:16.591+0000] {logging_mixin.py:137} INFO - [2022-12-01T10:36:16.590+0000] {dagbag.py:537} INFO - Filling up the DagBag from /opt/airflow/dags/hello_world.py
[2022-12-01T10:36:16.629+0000] {processor.py:766} INFO - DAG(s) dict_keys(['hello_world']) retrieved from /opt/airflow/dags/hello_world.py
[2022-12-01T10:36:16.700+0000] {logging_mixin.py:137} INFO - [2022-12-01T10:36:16.700+0000] {dag.py:2585} INFO - Sync 1 DAGs
[2022-12-01T10:36:16.739+0000] {logging_mixin.py:137} INFO - [2022-12-01T10:36:16.739+0000] {dag.py:3340} INFO - Setting next_dagrun for hello_world to 2022-12-01T12:00:00+00:00, run_after=2022-12-02T12:00:00+00:00
[2022-12-01T10:36:16.763+0000] {processor.py:176} INFO - Processing /opt/airflow/dags/hello_world.py took 0.183 seconds
[2022-12-01T10:36:46.866+0000] {processor.py:154} INFO - Started process (PID=9577) to work on /opt/airflow/dags/hello_world.py
[2022-12-01T10:36:46.868+0000] {processor.py:756} INFO - Processing file /opt/airflow/dags/hello_world.py for tasks to queue
[2022-12-01T10:36:46.869+0000] {logging_mixin.py:137} INFO - [2022-12-01T10:36:46.869+0000] {dagbag.py:537} INFO - Filling up the DagBag from /opt/airflow/dags/hello_world.py
[2022-12-01T10:36:46.895+0000] {processor.py:766} INFO - DAG(s) dict_keys(['hello_world']) retrieved from /opt/airflow/dags/hello_world.py
[2022-12-01T10:36:46.943+0000] {logging_mixin.py:137} INFO - [2022-12-01T10:36:46.943+0000] {dag.py:2585} INFO - Sync 1 DAGs
[2022-12-01T10:36:46.975+0000] {logging_mixin.py:137} INFO - [2022-12-01T10:36:46.975+0000] {dag.py:3340} INFO - Setting next_dagrun for hello_world to 2022-12-01T12:00:00+00:00, run_after=2022-12-02T12:00:00+00:00
[2022-12-01T10:36:46.998+0000] {processor.py:176} INFO - Processing /opt/airflow/dags/hello_world.py took 0.138 seconds
[2022-12-01T10:37:17.587+0000] {processor.py:154} INFO - Started process (PID=9644) to work on /opt/airflow/dags/hello_world.py
[2022-12-01T10:37:17.590+0000] {processor.py:756} INFO - Processing file /opt/airflow/dags/hello_world.py for tasks to queue
[2022-12-01T10:37:17.591+0000] {logging_mixin.py:137} INFO - [2022-12-01T10:37:17.591+0000] {dagbag.py:537} INFO - Filling up the DagBag from /opt/airflow/dags/hello_world.py
[2022-12-01T10:37:17.616+0000] {processor.py:766} INFO - DAG(s) dict_keys(['hello_world']) retrieved from /opt/airflow/dags/hello_world.py
[2022-12-01T10:37:17.662+0000] {logging_mixin.py:137} INFO - [2022-12-01T10:37:17.661+0000] {dag.py:2585} INFO - Sync 1 DAGs
[2022-12-01T10:37:17.691+0000] {logging_mixin.py:137} INFO - [2022-12-01T10:37:17.691+0000] {dag.py:3340} INFO - Setting next_dagrun for hello_world to 2022-12-01T12:00:00+00:00, run_after=2022-12-02T12:00:00+00:00
[2022-12-01T10:37:17.710+0000] {processor.py:176} INFO - Processing /opt/airflow/dags/hello_world.py took 0.129 seconds
[2022-12-01T10:37:48.220+0000] {processor.py:154} INFO - Started process (PID=9703) to work on /opt/airflow/dags/hello_world.py
[2022-12-01T10:37:48.223+0000] {processor.py:756} INFO - Processing file /opt/airflow/dags/hello_world.py for tasks to queue
[2022-12-01T10:37:48.225+0000] {logging_mixin.py:137} INFO - [2022-12-01T10:37:48.225+0000] {dagbag.py:537} INFO - Filling up the DagBag from /opt/airflow/dags/hello_world.py
[2022-12-01T10:37:48.253+0000] {processor.py:766} INFO - DAG(s) dict_keys(['hello_world']) retrieved from /opt/airflow/dags/hello_world.py
[2022-12-01T10:37:48.309+0000] {logging_mixin.py:137} INFO - [2022-12-01T10:37:48.309+0000] {dag.py:2585} INFO - Sync 1 DAGs
[2022-12-01T10:37:48.350+0000] {logging_mixin.py:137} INFO - [2022-12-01T10:37:48.350+0000] {dag.py:3340} INFO - Setting next_dagrun for hello_world to 2022-12-01T12:00:00+00:00, run_after=2022-12-02T12:00:00+00:00
[2022-12-01T10:37:48.378+0000] {processor.py:176} INFO - Processing /opt/airflow/dags/hello_world.py took 0.163 seconds
[2022-12-01T10:38:18.475+0000] {processor.py:154} INFO - Started process (PID=9770) to work on /opt/airflow/dags/hello_world.py
[2022-12-01T10:38:18.478+0000] {processor.py:756} INFO - Processing file /opt/airflow/dags/hello_world.py for tasks to queue
[2022-12-01T10:38:18.481+0000] {logging_mixin.py:137} INFO - [2022-12-01T10:38:18.481+0000] {dagbag.py:537} INFO - Filling up the DagBag from /opt/airflow/dags/hello_world.py
[2022-12-01T10:38:18.508+0000] {processor.py:766} INFO - DAG(s) dict_keys(['hello_world']) retrieved from /opt/airflow/dags/hello_world.py
[2022-12-01T10:38:18.554+0000] {logging_mixin.py:137} INFO - [2022-12-01T10:38:18.554+0000] {dag.py:2585} INFO - Sync 1 DAGs
[2022-12-01T10:38:18.586+0000] {logging_mixin.py:137} INFO - [2022-12-01T10:38:18.586+0000] {dag.py:3340} INFO - Setting next_dagrun for hello_world to 2022-12-01T12:00:00+00:00, run_after=2022-12-02T12:00:00+00:00
[2022-12-01T10:38:18.608+0000] {processor.py:176} INFO - Processing /opt/airflow/dags/hello_world.py took 0.138 seconds
[2022-12-01T10:38:49.082+0000] {processor.py:154} INFO - Started process (PID=9830) to work on /opt/airflow/dags/hello_world.py
[2022-12-01T10:38:49.086+0000] {processor.py:756} INFO - Processing file /opt/airflow/dags/hello_world.py for tasks to queue
[2022-12-01T10:38:49.088+0000] {logging_mixin.py:137} INFO - [2022-12-01T10:38:49.088+0000] {dagbag.py:537} INFO - Filling up the DagBag from /opt/airflow/dags/hello_world.py
[2022-12-01T10:38:49.114+0000] {processor.py:766} INFO - DAG(s) dict_keys(['hello_world']) retrieved from /opt/airflow/dags/hello_world.py
[2022-12-01T10:38:49.162+0000] {logging_mixin.py:137} INFO - [2022-12-01T10:38:49.161+0000] {dag.py:2585} INFO - Sync 1 DAGs
[2022-12-01T10:38:49.194+0000] {logging_mixin.py:137} INFO - [2022-12-01T10:38:49.194+0000] {dag.py:3340} INFO - Setting next_dagrun for hello_world to 2022-12-01T12:00:00+00:00, run_after=2022-12-02T12:00:00+00:00
[2022-12-01T10:38:49.215+0000] {processor.py:176} INFO - Processing /opt/airflow/dags/hello_world.py took 0.138 seconds
[2022-12-01T10:39:19.351+0000] {processor.py:154} INFO - Started process (PID=9897) to work on /opt/airflow/dags/hello_world.py
[2022-12-01T10:39:19.354+0000] {processor.py:756} INFO - Processing file /opt/airflow/dags/hello_world.py for tasks to queue
[2022-12-01T10:39:19.356+0000] {logging_mixin.py:137} INFO - [2022-12-01T10:39:19.356+0000] {dagbag.py:537} INFO - Filling up the DagBag from /opt/airflow/dags/hello_world.py
[2022-12-01T10:39:19.400+0000] {processor.py:766} INFO - DAG(s) dict_keys(['hello_world']) retrieved from /opt/airflow/dags/hello_world.py
[2022-12-01T10:39:19.474+0000] {logging_mixin.py:137} INFO - [2022-12-01T10:39:19.474+0000] {dag.py:2585} INFO - Sync 1 DAGs
[2022-12-01T10:39:19.515+0000] {logging_mixin.py:137} INFO - [2022-12-01T10:39:19.515+0000] {dag.py:3340} INFO - Setting next_dagrun for hello_world to 2022-12-01T12:00:00+00:00, run_after=2022-12-02T12:00:00+00:00
[2022-12-01T10:39:19.542+0000] {processor.py:176} INFO - Processing /opt/airflow/dags/hello_world.py took 0.198 seconds
[2022-12-01T10:39:49.758+0000] {processor.py:154} INFO - Started process (PID=9964) to work on /opt/airflow/dags/hello_world.py
[2022-12-01T10:39:49.761+0000] {processor.py:756} INFO - Processing file /opt/airflow/dags/hello_world.py for tasks to queue
[2022-12-01T10:39:49.763+0000] {logging_mixin.py:137} INFO - [2022-12-01T10:39:49.763+0000] {dagbag.py:537} INFO - Filling up the DagBag from /opt/airflow/dags/hello_world.py
[2022-12-01T10:39:49.795+0000] {processor.py:766} INFO - DAG(s) dict_keys(['hello_world']) retrieved from /opt/airflow/dags/hello_world.py
[2022-12-01T10:39:49.856+0000] {logging_mixin.py:137} INFO - [2022-12-01T10:39:49.856+0000] {dag.py:2585} INFO - Sync 1 DAGs
[2022-12-01T10:39:49.892+0000] {logging_mixin.py:137} INFO - [2022-12-01T10:39:49.892+0000] {dag.py:3340} INFO - Setting next_dagrun for hello_world to 2022-12-01T12:00:00+00:00, run_after=2022-12-02T12:00:00+00:00
[2022-12-01T10:39:49.918+0000] {processor.py:176} INFO - Processing /opt/airflow/dags/hello_world.py took 0.167 seconds
[2022-12-01T10:40:20.017+0000] {processor.py:154} INFO - Started process (PID=10022) to work on /opt/airflow/dags/hello_world.py
[2022-12-01T10:40:20.020+0000] {processor.py:756} INFO - Processing file /opt/airflow/dags/hello_world.py for tasks to queue
[2022-12-01T10:40:20.022+0000] {logging_mixin.py:137} INFO - [2022-12-01T10:40:20.022+0000] {dagbag.py:537} INFO - Filling up the DagBag from /opt/airflow/dags/hello_world.py
[2022-12-01T10:40:20.050+0000] {processor.py:766} INFO - DAG(s) dict_keys(['hello_world']) retrieved from /opt/airflow/dags/hello_world.py
[2022-12-01T10:40:20.100+0000] {logging_mixin.py:137} INFO - [2022-12-01T10:40:20.100+0000] {dag.py:2585} INFO - Sync 1 DAGs
[2022-12-01T10:40:20.132+0000] {logging_mixin.py:137} INFO - [2022-12-01T10:40:20.132+0000] {dag.py:3340} INFO - Setting next_dagrun for hello_world to 2022-12-01T12:00:00+00:00, run_after=2022-12-02T12:00:00+00:00
[2022-12-01T10:40:20.153+0000] {processor.py:176} INFO - Processing /opt/airflow/dags/hello_world.py took 0.142 seconds
[2022-12-01T10:40:50.195+0000] {processor.py:154} INFO - Started process (PID=10090) to work on /opt/airflow/dags/hello_world.py
[2022-12-01T10:40:50.197+0000] {processor.py:756} INFO - Processing file /opt/airflow/dags/hello_world.py for tasks to queue
[2022-12-01T10:40:50.198+0000] {logging_mixin.py:137} INFO - [2022-12-01T10:40:50.198+0000] {dagbag.py:537} INFO - Filling up the DagBag from /opt/airflow/dags/hello_world.py
[2022-12-01T10:40:50.222+0000] {processor.py:766} INFO - DAG(s) dict_keys(['hello_world']) retrieved from /opt/airflow/dags/hello_world.py
[2022-12-01T10:40:50.266+0000] {logging_mixin.py:137} INFO - [2022-12-01T10:40:50.266+0000] {dag.py:2585} INFO - Sync 1 DAGs
[2022-12-01T10:40:50.294+0000] {logging_mixin.py:137} INFO - [2022-12-01T10:40:50.294+0000] {dag.py:3340} INFO - Setting next_dagrun for hello_world to 2022-12-01T12:00:00+00:00, run_after=2022-12-02T12:00:00+00:00
[2022-12-01T10:40:50.312+0000] {processor.py:176} INFO - Processing /opt/airflow/dags/hello_world.py took 0.121 seconds
[2022-12-01T10:41:21.042+0000] {processor.py:154} INFO - Started process (PID=10156) to work on /opt/airflow/dags/hello_world.py
[2022-12-01T10:41:21.045+0000] {processor.py:756} INFO - Processing file /opt/airflow/dags/hello_world.py for tasks to queue
[2022-12-01T10:41:21.048+0000] {logging_mixin.py:137} INFO - [2022-12-01T10:41:21.047+0000] {dagbag.py:537} INFO - Filling up the DagBag from /opt/airflow/dags/hello_world.py
[2022-12-01T10:41:21.107+0000] {processor.py:766} INFO - DAG(s) dict_keys(['hello_world']) retrieved from /opt/airflow/dags/hello_world.py
[2022-12-01T10:41:21.171+0000] {logging_mixin.py:137} INFO - [2022-12-01T10:41:21.170+0000] {dag.py:2585} INFO - Sync 1 DAGs
[2022-12-01T10:41:21.230+0000] {logging_mixin.py:137} INFO - [2022-12-01T10:41:21.229+0000] {dag.py:3340} INFO - Setting next_dagrun for hello_world to 2022-12-01T12:00:00+00:00, run_after=2022-12-02T12:00:00+00:00
[2022-12-01T10:41:21.270+0000] {processor.py:176} INFO - Processing /opt/airflow/dags/hello_world.py took 0.239 seconds
[2022-12-01T10:41:51.756+0000] {processor.py:154} INFO - Started process (PID=10214) to work on /opt/airflow/dags/hello_world.py
[2022-12-01T10:41:51.759+0000] {processor.py:756} INFO - Processing file /opt/airflow/dags/hello_world.py for tasks to queue
[2022-12-01T10:41:51.760+0000] {logging_mixin.py:137} INFO - [2022-12-01T10:41:51.760+0000] {dagbag.py:537} INFO - Filling up the DagBag from /opt/airflow/dags/hello_world.py
[2022-12-01T10:41:51.787+0000] {processor.py:766} INFO - DAG(s) dict_keys(['hello_world']) retrieved from /opt/airflow/dags/hello_world.py
[2022-12-01T10:41:51.842+0000] {logging_mixin.py:137} INFO - [2022-12-01T10:41:51.842+0000] {dag.py:2585} INFO - Sync 1 DAGs
[2022-12-01T10:41:51.878+0000] {logging_mixin.py:137} INFO - [2022-12-01T10:41:51.878+0000] {dag.py:3340} INFO - Setting next_dagrun for hello_world to 2022-12-01T12:00:00+00:00, run_after=2022-12-02T12:00:00+00:00
[2022-12-01T10:41:51.912+0000] {processor.py:176} INFO - Processing /opt/airflow/dags/hello_world.py took 0.160 seconds
[2022-12-01T10:42:22.694+0000] {processor.py:154} INFO - Started process (PID=10281) to work on /opt/airflow/dags/hello_world.py
[2022-12-01T10:42:22.697+0000] {processor.py:756} INFO - Processing file /opt/airflow/dags/hello_world.py for tasks to queue
[2022-12-01T10:42:22.699+0000] {logging_mixin.py:137} INFO - [2022-12-01T10:42:22.699+0000] {dagbag.py:537} INFO - Filling up the DagBag from /opt/airflow/dags/hello_world.py
[2022-12-01T10:42:22.727+0000] {processor.py:766} INFO - DAG(s) dict_keys(['hello_world']) retrieved from /opt/airflow/dags/hello_world.py
[2022-12-01T10:42:22.788+0000] {logging_mixin.py:137} INFO - [2022-12-01T10:42:22.788+0000] {dag.py:2585} INFO - Sync 1 DAGs
[2022-12-01T10:42:22.829+0000] {logging_mixin.py:137} INFO - [2022-12-01T10:42:22.829+0000] {dag.py:3340} INFO - Setting next_dagrun for hello_world to 2022-12-01T12:00:00+00:00, run_after=2022-12-02T12:00:00+00:00
[2022-12-01T10:42:22.864+0000] {processor.py:176} INFO - Processing /opt/airflow/dags/hello_world.py took 0.178 seconds
[2022-12-01T10:42:53.573+0000] {processor.py:154} INFO - Started process (PID=10339) to work on /opt/airflow/dags/hello_world.py
[2022-12-01T10:42:53.576+0000] {processor.py:756} INFO - Processing file /opt/airflow/dags/hello_world.py for tasks to queue
[2022-12-01T10:42:53.578+0000] {logging_mixin.py:137} INFO - [2022-12-01T10:42:53.578+0000] {dagbag.py:537} INFO - Filling up the DagBag from /opt/airflow/dags/hello_world.py
[2022-12-01T10:42:53.610+0000] {processor.py:766} INFO - DAG(s) dict_keys(['hello_world']) retrieved from /opt/airflow/dags/hello_world.py
[2022-12-01T10:42:53.668+0000] {logging_mixin.py:137} INFO - [2022-12-01T10:42:53.668+0000] {dag.py:2585} INFO - Sync 1 DAGs
[2022-12-01T10:42:53.711+0000] {logging_mixin.py:137} INFO - [2022-12-01T10:42:53.711+0000] {dag.py:3340} INFO - Setting next_dagrun for hello_world to 2022-12-01T12:00:00+00:00, run_after=2022-12-02T12:00:00+00:00
[2022-12-01T10:42:53.746+0000] {processor.py:176} INFO - Processing /opt/airflow/dags/hello_world.py took 0.180 seconds
[2022-12-01T10:43:24.607+0000] {processor.py:154} INFO - Started process (PID=10406) to work on /opt/airflow/dags/hello_world.py
[2022-12-01T10:43:24.609+0000] {processor.py:756} INFO - Processing file /opt/airflow/dags/hello_world.py for tasks to queue
[2022-12-01T10:43:24.610+0000] {logging_mixin.py:137} INFO - [2022-12-01T10:43:24.610+0000] {dagbag.py:537} INFO - Filling up the DagBag from /opt/airflow/dags/hello_world.py
[2022-12-01T10:43:24.638+0000] {processor.py:766} INFO - DAG(s) dict_keys(['hello_world']) retrieved from /opt/airflow/dags/hello_world.py
[2022-12-01T10:43:24.684+0000] {logging_mixin.py:137} INFO - [2022-12-01T10:43:24.684+0000] {dag.py:2585} INFO - Sync 1 DAGs
[2022-12-01T10:43:24.715+0000] {logging_mixin.py:137} INFO - [2022-12-01T10:43:24.715+0000] {dag.py:3340} INFO - Setting next_dagrun for hello_world to 2022-12-01T12:00:00+00:00, run_after=2022-12-02T12:00:00+00:00
[2022-12-01T10:43:24.735+0000] {processor.py:176} INFO - Processing /opt/airflow/dags/hello_world.py took 0.135 seconds
[2022-12-01T10:43:55.079+0000] {processor.py:154} INFO - Started process (PID=10473) to work on /opt/airflow/dags/hello_world.py
[2022-12-01T10:43:55.081+0000] {processor.py:756} INFO - Processing file /opt/airflow/dags/hello_world.py for tasks to queue
[2022-12-01T10:43:55.083+0000] {logging_mixin.py:137} INFO - [2022-12-01T10:43:55.082+0000] {dagbag.py:537} INFO - Filling up the DagBag from /opt/airflow/dags/hello_world.py
[2022-12-01T10:43:55.107+0000] {processor.py:766} INFO - DAG(s) dict_keys(['hello_world']) retrieved from /opt/airflow/dags/hello_world.py
[2022-12-01T10:43:55.152+0000] {logging_mixin.py:137} INFO - [2022-12-01T10:43:55.152+0000] {dag.py:2585} INFO - Sync 1 DAGs
[2022-12-01T10:43:55.183+0000] {logging_mixin.py:137} INFO - [2022-12-01T10:43:55.182+0000] {dag.py:3340} INFO - Setting next_dagrun for hello_world to 2022-12-01T12:00:00+00:00, run_after=2022-12-02T12:00:00+00:00
[2022-12-01T10:43:55.203+0000] {processor.py:176} INFO - Processing /opt/airflow/dags/hello_world.py took 0.130 seconds
[2022-12-01T10:44:25.752+0000] {processor.py:154} INFO - Started process (PID=10540) to work on /opt/airflow/dags/hello_world.py
[2022-12-01T10:44:25.755+0000] {processor.py:756} INFO - Processing file /opt/airflow/dags/hello_world.py for tasks to queue
[2022-12-01T10:44:25.758+0000] {logging_mixin.py:137} INFO - [2022-12-01T10:44:25.758+0000] {dagbag.py:537} INFO - Filling up the DagBag from /opt/airflow/dags/hello_world.py
[2022-12-01T10:44:25.809+0000] {processor.py:766} INFO - DAG(s) dict_keys(['hello_world']) retrieved from /opt/airflow/dags/hello_world.py
[2022-12-01T10:44:25.905+0000] {logging_mixin.py:137} INFO - [2022-12-01T10:44:25.905+0000] {dag.py:2585} INFO - Sync 1 DAGs
[2022-12-01T10:44:25.995+0000] {logging_mixin.py:137} INFO - [2022-12-01T10:44:25.995+0000] {dag.py:3340} INFO - Setting next_dagrun for hello_world to 2022-12-01T12:00:00+00:00, run_after=2022-12-02T12:00:00+00:00
[2022-12-01T10:44:26.043+0000] {processor.py:176} INFO - Processing /opt/airflow/dags/hello_world.py took 0.299 seconds
[2022-12-01T10:44:56.225+0000] {processor.py:154} INFO - Started process (PID=10598) to work on /opt/airflow/dags/hello_world.py
[2022-12-01T10:44:56.228+0000] {processor.py:756} INFO - Processing file /opt/airflow/dags/hello_world.py for tasks to queue
[2022-12-01T10:44:56.229+0000] {logging_mixin.py:137} INFO - [2022-12-01T10:44:56.229+0000] {dagbag.py:537} INFO - Filling up the DagBag from /opt/airflow/dags/hello_world.py
[2022-12-01T10:44:56.257+0000] {processor.py:766} INFO - DAG(s) dict_keys(['hello_world']) retrieved from /opt/airflow/dags/hello_world.py
[2022-12-01T10:44:56.307+0000] {logging_mixin.py:137} INFO - [2022-12-01T10:44:56.307+0000] {dag.py:2585} INFO - Sync 1 DAGs
[2022-12-01T10:44:56.341+0000] {logging_mixin.py:137} INFO - [2022-12-01T10:44:56.340+0000] {dag.py:3340} INFO - Setting next_dagrun for hello_world to 2022-12-01T12:00:00+00:00, run_after=2022-12-02T12:00:00+00:00
[2022-12-01T10:44:56.360+0000] {processor.py:176} INFO - Processing /opt/airflow/dags/hello_world.py took 0.140 seconds
[2022-12-01T10:45:26.756+0000] {processor.py:154} INFO - Started process (PID=10665) to work on /opt/airflow/dags/hello_world.py
[2022-12-01T10:45:26.758+0000] {processor.py:756} INFO - Processing file /opt/airflow/dags/hello_world.py for tasks to queue
[2022-12-01T10:45:26.759+0000] {logging_mixin.py:137} INFO - [2022-12-01T10:45:26.759+0000] {dagbag.py:537} INFO - Filling up the DagBag from /opt/airflow/dags/hello_world.py
[2022-12-01T10:45:26.786+0000] {processor.py:766} INFO - DAG(s) dict_keys(['hello_world']) retrieved from /opt/airflow/dags/hello_world.py
[2022-12-01T10:45:26.832+0000] {logging_mixin.py:137} INFO - [2022-12-01T10:45:26.832+0000] {dag.py:2585} INFO - Sync 1 DAGs
[2022-12-01T10:45:26.863+0000] {logging_mixin.py:137} INFO - [2022-12-01T10:45:26.863+0000] {dag.py:3340} INFO - Setting next_dagrun for hello_world to 2022-12-01T12:00:00+00:00, run_after=2022-12-02T12:00:00+00:00
[2022-12-01T10:45:26.883+0000] {processor.py:176} INFO - Processing /opt/airflow/dags/hello_world.py took 0.134 seconds
[2022-12-01T10:45:57.481+0000] {processor.py:154} INFO - Started process (PID=10732) to work on /opt/airflow/dags/hello_world.py
[2022-12-01T10:45:57.484+0000] {processor.py:756} INFO - Processing file /opt/airflow/dags/hello_world.py for tasks to queue
[2022-12-01T10:45:57.485+0000] {logging_mixin.py:137} INFO - [2022-12-01T10:45:57.485+0000] {dagbag.py:537} INFO - Filling up the DagBag from /opt/airflow/dags/hello_world.py
[2022-12-01T10:45:57.518+0000] {processor.py:766} INFO - DAG(s) dict_keys(['hello_world']) retrieved from /opt/airflow/dags/hello_world.py
[2022-12-01T10:45:57.588+0000] {logging_mixin.py:137} INFO - [2022-12-01T10:45:57.588+0000] {dag.py:2585} INFO - Sync 1 DAGs
[2022-12-01T10:45:57.619+0000] {logging_mixin.py:137} INFO - [2022-12-01T10:45:57.619+0000] {dag.py:3340} INFO - Setting next_dagrun for hello_world to 2022-12-01T12:00:00+00:00, run_after=2022-12-02T12:00:00+00:00
[2022-12-01T10:45:57.643+0000] {processor.py:176} INFO - Processing /opt/airflow/dags/hello_world.py took 0.169 seconds
[2022-12-01T10:46:27.772+0000] {processor.py:154} INFO - Started process (PID=10791) to work on /opt/airflow/dags/hello_world.py
[2022-12-01T10:46:27.774+0000] {processor.py:756} INFO - Processing file /opt/airflow/dags/hello_world.py for tasks to queue
[2022-12-01T10:46:27.775+0000] {logging_mixin.py:137} INFO - [2022-12-01T10:46:27.775+0000] {dagbag.py:537} INFO - Filling up the DagBag from /opt/airflow/dags/hello_world.py
[2022-12-01T10:46:27.799+0000] {processor.py:766} INFO - DAG(s) dict_keys(['hello_world']) retrieved from /opt/airflow/dags/hello_world.py
[2022-12-01T10:46:27.855+0000] {logging_mixin.py:137} INFO - [2022-12-01T10:46:27.855+0000] {dag.py:2585} INFO - Sync 1 DAGs
[2022-12-01T10:46:27.900+0000] {logging_mixin.py:137} INFO - [2022-12-01T10:46:27.900+0000] {dag.py:3340} INFO - Setting next_dagrun for hello_world to 2022-12-01T12:00:00+00:00, run_after=2022-12-02T12:00:00+00:00
[2022-12-01T10:46:27.930+0000] {processor.py:176} INFO - Processing /opt/airflow/dags/hello_world.py took 0.163 seconds
