[2022-12-14T12:00:02.270+0000] {taskinstance.py:1165} INFO - Dependencies all met for <TaskInstance: hello_world.hello_task scheduled__2022-12-13T12:00:00+00:00 [queued]>
[2022-12-14T12:00:02.295+0000] {taskinstance.py:1165} INFO - Dependencies all met for <TaskInstance: hello_world.hello_task scheduled__2022-12-13T12:00:00+00:00 [queued]>
[2022-12-14T12:00:02.296+0000] {taskinstance.py:1362} INFO - 
--------------------------------------------------------------------------------
[2022-12-14T12:00:02.297+0000] {taskinstance.py:1363} INFO - Starting attempt 1 of 1
[2022-12-14T12:00:02.298+0000] {taskinstance.py:1364} INFO - 
--------------------------------------------------------------------------------
[2022-12-14T12:00:02.323+0000] {taskinstance.py:1383} INFO - Executing <Task(PythonOperator): hello_task> on 2022-12-13 12:00:00+00:00
[2022-12-14T12:00:02.331+0000] {standard_task_runner.py:55} INFO - Started process 652 to run task
[2022-12-14T12:00:02.338+0000] {standard_task_runner.py:82} INFO - Running: ['***', 'tasks', 'run', 'hello_world', 'hello_task', 'scheduled__2022-12-13T12:00:00+00:00', '--job-id', '20', '--raw', '--subdir', 'DAGS_FOLDER/hello_world.py', '--cfg-path', '/tmp/tmpleyl3dzz']
[2022-12-14T12:00:02.340+0000] {standard_task_runner.py:83} INFO - Job 20: Subtask hello_task
[2022-12-14T12:00:02.468+0000] {task_command.py:376} INFO - Running <TaskInstance: hello_world.hello_task scheduled__2022-12-13T12:00:00+00:00 [running]> on host cdcacf7e7587
[2022-12-14T12:00:02.712+0000] {taskinstance.py:1592} INFO - Exporting the following env vars:
AIRFLOW_CTX_DAG_OWNER=***
AIRFLOW_CTX_DAG_ID=hello_world
AIRFLOW_CTX_TASK_ID=hello_task
AIRFLOW_CTX_EXECUTION_DATE=2022-12-13T12:00:00+00:00
AIRFLOW_CTX_TRY_NUMBER=1
AIRFLOW_CTX_DAG_RUN_ID=scheduled__2022-12-13T12:00:00+00:00
[2022-12-14T12:00:02.715+0000] {python.py:177} INFO - Done. Returned value was: Hello world!
[2022-12-14T12:00:02.808+0000] {taskinstance.py:1406} INFO - Marking task as SUCCESS. dag_id=hello_world, task_id=hello_task, execution_date=20221213T120000, start_date=20221214T120002, end_date=20221214T120002
[2022-12-14T12:00:02.881+0000] {local_task_job.py:159} INFO - Task exited with return code 0
[2022-12-14T12:00:02.921+0000] {taskinstance.py:2623} INFO - 0 downstream tasks scheduled from follow-on schedule check
