[2022-12-12T12:00:04.277+0000] {taskinstance.py:1165} INFO - Dependencies all met for <TaskInstance: hello_world.hello_task scheduled__2022-12-11T12:00:00+00:00 [queued]>
[2022-12-12T12:00:04.335+0000] {taskinstance.py:1165} INFO - Dependencies all met for <TaskInstance: hello_world.hello_task scheduled__2022-12-11T12:00:00+00:00 [queued]>
[2022-12-12T12:00:04.338+0000] {taskinstance.py:1362} INFO - 
--------------------------------------------------------------------------------
[2022-12-12T12:00:04.342+0000] {taskinstance.py:1363} INFO - Starting attempt 1 of 1
[2022-12-12T12:00:04.346+0000] {taskinstance.py:1364} INFO - 
--------------------------------------------------------------------------------
[2022-12-12T12:00:04.420+0000] {taskinstance.py:1383} INFO - Executing <Task(PythonOperator): hello_task> on 2022-12-11 12:00:00+00:00
[2022-12-12T12:00:04.442+0000] {standard_task_runner.py:55} INFO - Started process 1488 to run task
[2022-12-12T12:00:04.462+0000] {standard_task_runner.py:82} INFO - Running: ['***', 'tasks', 'run', 'hello_world', 'hello_task', 'scheduled__2022-12-11T12:00:00+00:00', '--job-id', '16', '--raw', '--subdir', 'DAGS_FOLDER/hello_world.py', '--cfg-path', '/tmp/tmptihepns9']
[2022-12-12T12:00:04.466+0000] {standard_task_runner.py:83} INFO - Job 16: Subtask hello_task
[2022-12-12T12:00:04.816+0000] {task_command.py:376} INFO - Running <TaskInstance: hello_world.hello_task scheduled__2022-12-11T12:00:00+00:00 [running]> on host cdcacf7e7587
[2022-12-12T12:00:05.252+0000] {taskinstance.py:1592} INFO - Exporting the following env vars:
AIRFLOW_CTX_DAG_OWNER=***
AIRFLOW_CTX_DAG_ID=hello_world
AIRFLOW_CTX_TASK_ID=hello_task
AIRFLOW_CTX_EXECUTION_DATE=2022-12-11T12:00:00+00:00
AIRFLOW_CTX_TRY_NUMBER=1
AIRFLOW_CTX_DAG_RUN_ID=scheduled__2022-12-11T12:00:00+00:00
[2022-12-12T12:00:05.260+0000] {python.py:177} INFO - Done. Returned value was: Hello world!
[2022-12-12T12:00:05.361+0000] {taskinstance.py:1406} INFO - Marking task as SUCCESS. dag_id=hello_world, task_id=hello_task, execution_date=20221211T120000, start_date=20221212T120004, end_date=20221212T120005
[2022-12-12T12:00:05.502+0000] {local_task_job.py:159} INFO - Task exited with return code 0
[2022-12-12T12:00:05.595+0000] {taskinstance.py:2623} INFO - 0 downstream tasks scheduled from follow-on schedule check
