[2022-12-09T12:10:05.857+0000] {processor.py:154} INFO - Started process (PID=73) to work on /home/airflow/.local/lib/python3.7/site-packages/airflow/example_dags/example_complex.py
[2022-12-09T12:10:05.863+0000] {processor.py:756} INFO - Processing file /home/airflow/.local/lib/python3.7/site-packages/airflow/example_dags/example_complex.py for tasks to queue
[2022-12-09T12:10:05.866+0000] {logging_mixin.py:137} INFO - [2022-12-09T12:10:05.865+0000] {dagbag.py:537} INFO - Filling up the DagBag from /home/airflow/.local/lib/python3.7/site-packages/airflow/example_dags/example_complex.py
[2022-12-09T12:10:05.891+0000] {logging_mixin.py:137} INFO - [2022-12-09T12:10:05.890+0000] {taskmixin.py:205} WARNING - Dependency <Task(BashOperator): create_entry_group>, delete_entry_group already registered for DAG: example_complex
[2022-12-09T12:10:05.892+0000] {logging_mixin.py:137} INFO - [2022-12-09T12:10:05.892+0000] {taskmixin.py:205} WARNING - Dependency <Task(BashOperator): delete_entry_group>, create_entry_group already registered for DAG: example_complex
[2022-12-09T12:10:05.893+0000] {logging_mixin.py:137} INFO - [2022-12-09T12:10:05.893+0000] {taskmixin.py:205} WARNING - Dependency <Task(BashOperator): create_entry_gcs>, delete_entry already registered for DAG: example_complex
[2022-12-09T12:10:05.894+0000] {logging_mixin.py:137} INFO - [2022-12-09T12:10:05.894+0000] {taskmixin.py:205} WARNING - Dependency <Task(BashOperator): delete_entry>, create_entry_gcs already registered for DAG: example_complex
[2022-12-09T12:10:05.895+0000] {logging_mixin.py:137} INFO - [2022-12-09T12:10:05.895+0000] {taskmixin.py:205} WARNING - Dependency <Task(BashOperator): create_tag>, delete_tag already registered for DAG: example_complex
[2022-12-09T12:10:05.897+0000] {logging_mixin.py:137} INFO - [2022-12-09T12:10:05.896+0000] {taskmixin.py:205} WARNING - Dependency <Task(BashOperator): delete_tag>, create_tag already registered for DAG: example_complex
[2022-12-09T12:10:05.908+0000] {processor.py:766} INFO - DAG(s) dict_keys(['example_complex']) retrieved from /home/airflow/.local/lib/python3.7/site-packages/airflow/example_dags/example_complex.py
[2022-12-09T12:10:05.981+0000] {logging_mixin.py:137} INFO - [2022-12-09T12:10:05.980+0000] {dag.py:2585} INFO - Sync 1 DAGs
[2022-12-09T12:10:06.016+0000] {logging_mixin.py:137} INFO - [2022-12-09T12:10:06.016+0000] {dag.py:3340} INFO - Setting next_dagrun for example_complex to None, run_after=None
[2022-12-09T12:10:06.046+0000] {processor.py:176} INFO - Processing /home/airflow/.local/lib/python3.7/site-packages/airflow/example_dags/example_complex.py took 0.195 seconds
[2022-12-09T12:10:36.602+0000] {processor.py:154} INFO - Started process (PID=140) to work on /home/airflow/.local/lib/python3.7/site-packages/airflow/example_dags/example_complex.py
[2022-12-09T12:10:36.607+0000] {processor.py:756} INFO - Processing file /home/airflow/.local/lib/python3.7/site-packages/airflow/example_dags/example_complex.py for tasks to queue
[2022-12-09T12:10:36.611+0000] {logging_mixin.py:137} INFO - [2022-12-09T12:10:36.611+0000] {dagbag.py:537} INFO - Filling up the DagBag from /home/airflow/.local/lib/python3.7/site-packages/airflow/example_dags/example_complex.py
[2022-12-09T12:10:36.651+0000] {logging_mixin.py:137} INFO - [2022-12-09T12:10:36.650+0000] {taskmixin.py:205} WARNING - Dependency <Task(BashOperator): create_entry_group>, delete_entry_group already registered for DAG: example_complex
[2022-12-09T12:10:36.653+0000] {logging_mixin.py:137} INFO - [2022-12-09T12:10:36.653+0000] {taskmixin.py:205} WARNING - Dependency <Task(BashOperator): delete_entry_group>, create_entry_group already registered for DAG: example_complex
[2022-12-09T12:10:36.656+0000] {logging_mixin.py:137} INFO - [2022-12-09T12:10:36.656+0000] {taskmixin.py:205} WARNING - Dependency <Task(BashOperator): create_entry_gcs>, delete_entry already registered for DAG: example_complex
[2022-12-09T12:10:36.659+0000] {logging_mixin.py:137} INFO - [2022-12-09T12:10:36.659+0000] {taskmixin.py:205} WARNING - Dependency <Task(BashOperator): delete_entry>, create_entry_gcs already registered for DAG: example_complex
[2022-12-09T12:10:36.671+0000] {logging_mixin.py:137} INFO - [2022-12-09T12:10:36.671+0000] {taskmixin.py:205} WARNING - Dependency <Task(BashOperator): create_tag>, delete_tag already registered for DAG: example_complex
[2022-12-09T12:10:36.672+0000] {logging_mixin.py:137} INFO - [2022-12-09T12:10:36.672+0000] {taskmixin.py:205} WARNING - Dependency <Task(BashOperator): delete_tag>, create_tag already registered for DAG: example_complex
[2022-12-09T12:10:36.697+0000] {processor.py:766} INFO - DAG(s) dict_keys(['example_complex']) retrieved from /home/airflow/.local/lib/python3.7/site-packages/airflow/example_dags/example_complex.py
[2022-12-09T12:10:36.817+0000] {logging_mixin.py:137} INFO - [2022-12-09T12:10:36.816+0000] {dag.py:2585} INFO - Sync 1 DAGs
[2022-12-09T12:10:36.909+0000] {logging_mixin.py:137} INFO - [2022-12-09T12:10:36.909+0000] {dag.py:3340} INFO - Setting next_dagrun for example_complex to None, run_after=None
[2022-12-09T12:10:36.980+0000] {processor.py:176} INFO - Processing /home/airflow/.local/lib/python3.7/site-packages/airflow/example_dags/example_complex.py took 0.384 seconds
