[2022-12-09T12:10:03.937+0000] {processor.py:154} INFO - Started process (PID=61) to work on /home/airflow/.local/lib/python3.7/site-packages/airflow/example_dags/example_subdag_operator.py
[2022-12-09T12:10:03.940+0000] {processor.py:756} INFO - Processing file /home/airflow/.local/lib/python3.7/site-packages/airflow/example_dags/example_subdag_operator.py for tasks to queue
[2022-12-09T12:10:03.943+0000] {logging_mixin.py:137} INFO - [2022-12-09T12:10:03.942+0000] {dagbag.py:537} INFO - Filling up the DagBag from /home/airflow/.local/lib/python3.7/site-packages/airflow/example_dags/example_subdag_operator.py
[2022-12-09T12:10:04.002+0000] {processor.py:766} INFO - DAG(s) dict_keys(['example_subdag_operator.section-1', 'example_subdag_operator.section-2', 'example_subdag_operator']) retrieved from /home/airflow/.local/lib/python3.7/site-packages/airflow/example_dags/example_subdag_operator.py
[2022-12-09T12:10:04.412+0000] {logging_mixin.py:137} INFO - [2022-12-09T12:10:04.411+0000] {dag.py:2585} INFO - Sync 3 DAGs
[2022-12-09T12:10:04.442+0000] {logging_mixin.py:137} INFO - [2022-12-09T12:10:04.441+0000] {dag.py:3340} INFO - Setting next_dagrun for example_subdag_operator to 2022-01-01T00:00:00+00:00, run_after=2022-01-01T00:00:00+00:00
[2022-12-09T12:10:04.448+0000] {logging_mixin.py:137} INFO - [2022-12-09T12:10:04.447+0000] {dag.py:3340} INFO - Setting next_dagrun for example_subdag_operator.section-1 to None, run_after=None
[2022-12-09T12:10:04.450+0000] {logging_mixin.py:137} INFO - [2022-12-09T12:10:04.450+0000] {dag.py:3340} INFO - Setting next_dagrun for example_subdag_operator.section-2 to None, run_after=None
[2022-12-09T12:10:04.463+0000] {logging_mixin.py:137} INFO - [2022-12-09T12:10:04.462+0000] {dag.py:2585} INFO - Sync 2 DAGs
[2022-12-09T12:10:04.471+0000] {logging_mixin.py:137} INFO - [2022-12-09T12:10:04.471+0000] {dag.py:3340} INFO - Setting next_dagrun for example_subdag_operator.section-1 to None, run_after=None
[2022-12-09T12:10:04.472+0000] {logging_mixin.py:137} INFO - [2022-12-09T12:10:04.472+0000] {dag.py:3340} INFO - Setting next_dagrun for example_subdag_operator.section-2 to None, run_after=None
[2022-12-09T12:10:04.487+0000] {processor.py:176} INFO - Processing /home/airflow/.local/lib/python3.7/site-packages/airflow/example_dags/example_subdag_operator.py took 0.554 seconds
[2022-12-09T12:10:34.918+0000] {processor.py:154} INFO - Started process (PID=119) to work on /home/airflow/.local/lib/python3.7/site-packages/airflow/example_dags/example_subdag_operator.py
[2022-12-09T12:10:34.920+0000] {processor.py:756} INFO - Processing file /home/airflow/.local/lib/python3.7/site-packages/airflow/example_dags/example_subdag_operator.py for tasks to queue
[2022-12-09T12:10:34.921+0000] {logging_mixin.py:137} INFO - [2022-12-09T12:10:34.921+0000] {dagbag.py:537} INFO - Filling up the DagBag from /home/airflow/.local/lib/python3.7/site-packages/airflow/example_dags/example_subdag_operator.py
[2022-12-09T12:10:34.979+0000] {processor.py:766} INFO - DAG(s) dict_keys(['example_subdag_operator.section-1', 'example_subdag_operator.section-2', 'example_subdag_operator']) retrieved from /home/airflow/.local/lib/python3.7/site-packages/airflow/example_dags/example_subdag_operator.py
[2022-12-09T12:10:35.243+0000] {logging_mixin.py:137} INFO - [2022-12-09T12:10:35.243+0000] {dag.py:2585} INFO - Sync 3 DAGs
[2022-12-09T12:10:35.270+0000] {logging_mixin.py:137} INFO - [2022-12-09T12:10:35.270+0000] {dag.py:3340} INFO - Setting next_dagrun for example_subdag_operator to 2022-01-01T00:00:00+00:00, run_after=2022-01-01T00:00:00+00:00
[2022-12-09T12:10:35.274+0000] {logging_mixin.py:137} INFO - [2022-12-09T12:10:35.274+0000] {dag.py:3340} INFO - Setting next_dagrun for example_subdag_operator.section-1 to None, run_after=None
[2022-12-09T12:10:35.276+0000] {logging_mixin.py:137} INFO - [2022-12-09T12:10:35.276+0000] {dag.py:3340} INFO - Setting next_dagrun for example_subdag_operator.section-2 to None, run_after=None
[2022-12-09T12:10:35.284+0000] {logging_mixin.py:137} INFO - [2022-12-09T12:10:35.284+0000] {dag.py:2585} INFO - Sync 2 DAGs
[2022-12-09T12:10:35.294+0000] {logging_mixin.py:137} INFO - [2022-12-09T12:10:35.294+0000] {dag.py:3340} INFO - Setting next_dagrun for example_subdag_operator.section-1 to None, run_after=None
[2022-12-09T12:10:35.295+0000] {logging_mixin.py:137} INFO - [2022-12-09T12:10:35.295+0000] {dag.py:3340} INFO - Setting next_dagrun for example_subdag_operator.section-2 to None, run_after=None
[2022-12-09T12:10:35.310+0000] {processor.py:176} INFO - Processing /home/airflow/.local/lib/python3.7/site-packages/airflow/example_dags/example_subdag_operator.py took 0.398 seconds
