[2022-12-09T12:10:04.772+0000] {processor.py:154} INFO - Started process (PID=66) to work on /home/airflow/.local/lib/python3.7/site-packages/airflow/example_dags/example_python_operator.py
[2022-12-09T12:10:04.774+0000] {processor.py:756} INFO - Processing file /home/airflow/.local/lib/python3.7/site-packages/airflow/example_dags/example_python_operator.py for tasks to queue
[2022-12-09T12:10:04.775+0000] {logging_mixin.py:137} INFO - [2022-12-09T12:10:04.775+0000] {dagbag.py:537} INFO - Filling up the DagBag from /home/airflow/.local/lib/python3.7/site-packages/airflow/example_dags/example_python_operator.py
[2022-12-09T12:10:04.807+0000] {logging_mixin.py:137} INFO - [2022-12-09T12:10:04.806+0000] {taskmixin.py:205} WARNING - Dependency <Task(_PythonDecoratedOperator): print_the_context>, log_sql_query already registered for DAG: example_python_operator
[2022-12-09T12:10:04.808+0000] {logging_mixin.py:137} INFO - [2022-12-09T12:10:04.807+0000] {taskmixin.py:205} WARNING - Dependency <Task(_PythonDecoratedOperator): log_sql_query>, print_the_context already registered for DAG: example_python_operator
[2022-12-09T12:10:04.809+0000] {logging_mixin.py:137} INFO - [2022-12-09T12:10:04.809+0000] {taskmixin.py:205} WARNING - Dependency <Task(_PythonDecoratedOperator): print_the_context>, log_sql_query already registered for DAG: example_python_operator
[2022-12-09T12:10:04.810+0000] {logging_mixin.py:137} INFO - [2022-12-09T12:10:04.810+0000] {taskmixin.py:205} WARNING - Dependency <Task(_PythonDecoratedOperator): log_sql_query>, print_the_context already registered for DAG: example_python_operator
[2022-12-09T12:10:04.811+0000] {logging_mixin.py:137} INFO - [2022-12-09T12:10:04.811+0000] {taskmixin.py:205} WARNING - Dependency <Task(_PythonDecoratedOperator): print_the_context>, log_sql_query already registered for DAG: example_python_operator
[2022-12-09T12:10:04.812+0000] {logging_mixin.py:137} INFO - [2022-12-09T12:10:04.812+0000] {taskmixin.py:205} WARNING - Dependency <Task(_PythonDecoratedOperator): log_sql_query>, print_the_context already registered for DAG: example_python_operator
[2022-12-09T12:10:04.813+0000] {logging_mixin.py:137} INFO - [2022-12-09T12:10:04.813+0000] {taskmixin.py:205} WARNING - Dependency <Task(_PythonDecoratedOperator): print_the_context>, log_sql_query already registered for DAG: example_python_operator
[2022-12-09T12:10:04.814+0000] {logging_mixin.py:137} INFO - [2022-12-09T12:10:04.814+0000] {taskmixin.py:205} WARNING - Dependency <Task(_PythonDecoratedOperator): log_sql_query>, print_the_context already registered for DAG: example_python_operator
[2022-12-09T12:10:04.827+0000] {processor.py:766} INFO - DAG(s) dict_keys(['example_python_operator']) retrieved from /home/airflow/.local/lib/python3.7/site-packages/airflow/example_dags/example_python_operator.py
[2022-12-09T12:10:04.877+0000] {logging_mixin.py:137} INFO - [2022-12-09T12:10:04.877+0000] {dag.py:2585} INFO - Sync 1 DAGs
[2022-12-09T12:10:04.911+0000] {logging_mixin.py:137} INFO - [2022-12-09T12:10:04.910+0000] {dag.py:3340} INFO - Setting next_dagrun for example_python_operator to None, run_after=None
[2022-12-09T12:10:04.940+0000] {processor.py:176} INFO - Processing /home/airflow/.local/lib/python3.7/site-packages/airflow/example_dags/example_python_operator.py took 0.172 seconds
[2022-12-09T12:10:35.536+0000] {processor.py:154} INFO - Started process (PID=131) to work on /home/airflow/.local/lib/python3.7/site-packages/airflow/example_dags/example_python_operator.py
[2022-12-09T12:10:35.538+0000] {processor.py:756} INFO - Processing file /home/airflow/.local/lib/python3.7/site-packages/airflow/example_dags/example_python_operator.py for tasks to queue
[2022-12-09T12:10:35.539+0000] {logging_mixin.py:137} INFO - [2022-12-09T12:10:35.539+0000] {dagbag.py:537} INFO - Filling up the DagBag from /home/airflow/.local/lib/python3.7/site-packages/airflow/example_dags/example_python_operator.py
[2022-12-09T12:10:35.562+0000] {logging_mixin.py:137} INFO - [2022-12-09T12:10:35.562+0000] {taskmixin.py:205} WARNING - Dependency <Task(_PythonDecoratedOperator): print_the_context>, log_sql_query already registered for DAG: example_python_operator
[2022-12-09T12:10:35.564+0000] {logging_mixin.py:137} INFO - [2022-12-09T12:10:35.564+0000] {taskmixin.py:205} WARNING - Dependency <Task(_PythonDecoratedOperator): log_sql_query>, print_the_context already registered for DAG: example_python_operator
[2022-12-09T12:10:35.565+0000] {logging_mixin.py:137} INFO - [2022-12-09T12:10:35.565+0000] {taskmixin.py:205} WARNING - Dependency <Task(_PythonDecoratedOperator): print_the_context>, log_sql_query already registered for DAG: example_python_operator
[2022-12-09T12:10:35.570+0000] {logging_mixin.py:137} INFO - [2022-12-09T12:10:35.568+0000] {taskmixin.py:205} WARNING - Dependency <Task(_PythonDecoratedOperator): log_sql_query>, print_the_context already registered for DAG: example_python_operator
[2022-12-09T12:10:35.572+0000] {logging_mixin.py:137} INFO - [2022-12-09T12:10:35.572+0000] {taskmixin.py:205} WARNING - Dependency <Task(_PythonDecoratedOperator): print_the_context>, log_sql_query already registered for DAG: example_python_operator
[2022-12-09T12:10:35.573+0000] {logging_mixin.py:137} INFO - [2022-12-09T12:10:35.573+0000] {taskmixin.py:205} WARNING - Dependency <Task(_PythonDecoratedOperator): log_sql_query>, print_the_context already registered for DAG: example_python_operator
[2022-12-09T12:10:35.574+0000] {logging_mixin.py:137} INFO - [2022-12-09T12:10:35.574+0000] {taskmixin.py:205} WARNING - Dependency <Task(_PythonDecoratedOperator): print_the_context>, log_sql_query already registered for DAG: example_python_operator
[2022-12-09T12:10:35.575+0000] {logging_mixin.py:137} INFO - [2022-12-09T12:10:35.575+0000] {taskmixin.py:205} WARNING - Dependency <Task(_PythonDecoratedOperator): log_sql_query>, print_the_context already registered for DAG: example_python_operator
[2022-12-09T12:10:35.584+0000] {processor.py:766} INFO - DAG(s) dict_keys(['example_python_operator']) retrieved from /home/airflow/.local/lib/python3.7/site-packages/airflow/example_dags/example_python_operator.py
[2022-12-09T12:10:35.693+0000] {logging_mixin.py:137} INFO - [2022-12-09T12:10:35.692+0000] {dag.py:2585} INFO - Sync 1 DAGs
[2022-12-09T12:10:35.731+0000] {logging_mixin.py:137} INFO - [2022-12-09T12:10:35.731+0000] {dag.py:3340} INFO - Setting next_dagrun for example_python_operator to None, run_after=None
[2022-12-09T12:10:35.770+0000] {processor.py:176} INFO - Processing /home/airflow/.local/lib/python3.7/site-packages/airflow/example_dags/example_python_operator.py took 0.239 seconds
