[2022-12-09T12:10:07.591+0000] {taskinstance.py:1165} INFO - Dependencies all met for <TaskInstance: hello_world.hello_task scheduled__2022-12-08T12:00:00+00:00 [queued]>
[2022-12-09T12:10:07.637+0000] {taskinstance.py:1165} INFO - Dependencies all met for <TaskInstance: hello_world.hello_task scheduled__2022-12-08T12:00:00+00:00 [queued]>
[2022-12-09T12:10:07.638+0000] {taskinstance.py:1362} INFO - 
--------------------------------------------------------------------------------
[2022-12-09T12:10:07.639+0000] {taskinstance.py:1363} INFO - Starting attempt 1 of 1
[2022-12-09T12:10:07.641+0000] {taskinstance.py:1364} INFO - 
--------------------------------------------------------------------------------
[2022-12-09T12:10:07.671+0000] {taskinstance.py:1383} INFO - Executing <Task(PythonOperator): hello_task> on 2022-12-08 12:00:00+00:00
[2022-12-09T12:10:07.682+0000] {standard_task_runner.py:55} INFO - Started process 64 to run task
[2022-12-09T12:10:07.688+0000] {standard_task_runner.py:82} INFO - Running: ['***', 'tasks', 'run', 'hello_world', 'hello_task', 'scheduled__2022-12-08T12:00:00+00:00', '--job-id', '10', '--raw', '--subdir', 'DAGS_FOLDER/hello_world.py', '--cfg-path', '/tmp/tmpliajh4nv']
[2022-12-09T12:10:07.689+0000] {standard_task_runner.py:83} INFO - Job 10: Subtask hello_task
[2022-12-09T12:10:07.816+0000] {task_command.py:376} INFO - Running <TaskInstance: hello_world.hello_task scheduled__2022-12-08T12:00:00+00:00 [running]> on host cdcacf7e7587
[2022-12-09T12:10:07.930+0000] {taskinstance.py:1592} INFO - Exporting the following env vars:
AIRFLOW_CTX_DAG_OWNER=***
AIRFLOW_CTX_DAG_ID=hello_world
AIRFLOW_CTX_TASK_ID=hello_task
AIRFLOW_CTX_EXECUTION_DATE=2022-12-08T12:00:00+00:00
AIRFLOW_CTX_TRY_NUMBER=1
AIRFLOW_CTX_DAG_RUN_ID=scheduled__2022-12-08T12:00:00+00:00
[2022-12-09T12:10:07.932+0000] {python.py:177} INFO - Done. Returned value was: Hello world!
[2022-12-09T12:10:07.968+0000] {taskinstance.py:1406} INFO - Marking task as SUCCESS. dag_id=hello_world, task_id=hello_task, execution_date=20221208T120000, start_date=20221209T121007, end_date=20221209T121007
[2022-12-09T12:10:08.027+0000] {local_task_job.py:159} INFO - Task exited with return code 0
[2022-12-09T12:10:08.056+0000] {taskinstance.py:2623} INFO - 0 downstream tasks scheduled from follow-on schedule check
